Log file open, 02/01/17 10:32:41
LogInit:Display: Running engine for game: MPProject
LogPlatformFile: Not using cached read wrapper
LogInit:Display: RandInit(273951193) SRandInit(273951194).
LogTaskGraph: Started task graph with 4 named threads and 5 total threads with 1 sets of task threads.
LogStats: Stats thread started at 0.059058
LogInit: Version: 4.12.5-3039270+++UE4+Release-4.12
LogInit: API Version: 2992821
LogInit: Net Version: 3039270
LogDevObjectVersion: Number of dev versions registered: 13
LogDevObjectVersion:   Dev-Blueprints (B0D832E4-1F89-4F0D-ACCF-7EB736FD4AA2): 3
LogDevObjectVersion:   Dev-Build (E1C64328-A22C-4D53-A36C-8E866417BD8C): 0
LogDevObjectVersion:   Dev-Core (375EC13C-06E4-48FB-B500-84F0262A717E): 1
LogDevObjectVersion:   Dev-Editor (E4B068ED-F494-42E9-A231-DA0B2E46BB41): 2
LogDevObjectVersion:   Dev-Framework (CFFC743F-43B0-4480-9391-14DF171D2073): 6
LogDevObjectVersion:   Dev-Mobile (B02B49B5-BB20-44E9-A304-32B752E40360): 0
LogDevObjectVersion:   Dev-Networking (A4E4105C-59A1-49B5-A7C5-40C4547EDFEE): 0
LogDevObjectVersion:   Dev-Online (39C831C9-5AE6-47DC-9A44-9C173E1C8E7C): 0
LogDevObjectVersion:   Dev-Physics (78F01B33-EBEA-4F98-B9B4-84EACCB95AA2): 0
LogDevObjectVersion:   Dev-Platform (6631380F-2D4D-43E0-8009-CF276956A95A): 0
LogDevObjectVersion:   Dev-Rendering (12F88B9F-8875-4AFC-A67C-D90C383ABD29): 2
LogDevObjectVersion:   Dev-Sequencer (7B5AE74C-D270-4C10-A958-57980B212A5A): 0
LogDevObjectVersion:   Dev-VR (D7296918-1DD6-4BDD-9DE2-64A83CC13884): 0
LogInit: Compiled (64-bit): Jul  6 2016 09:09:46
LogInit: Compiled with Visual C++: 19.00.23026.00
LogInit: Build Configuration: Development
LogInit: Branch Name: ++UE4+Release-4.12
LogInit: Command line:  
LogInit: Base directory: C:/Program Files (x86)/Epic Games/4.12/Engine/Binaries/Win64/
LogInit: Installed Engine Build: 1
LogInit: Using libcurl 7.41.0
LogInit:  - built for x86_64-pc-win32
LogInit:  - supports SSL with WinSSL
LogInit:  - other features:
LogInit:      CURL_VERSION_SSL
LogInit:      CURL_VERSION_IPV6
LogInit:      CURL_VERSION_ASYNCHDNS
LogInit:      CURL_VERSION_LARGEFILE
LogInit:      CURL_VERSION_IDN
LogInit:  CurlRequestOptions (configurable via config and command line):
LogInit:  - bVerifyPeer = true  - Libcurl will verify peer certificate
LogInit:  - bUseHttpProxy = false  - Libcurl will NOT use HTTP proxy
LogInit:  - bDontReuseConnections = false  - Libcurl will reuse connections
LogInit:  - CertBundlePath = nullptr  - Libcurl will use whatever was configured at build time.
LogOnline:Display: STEAM: Loading Steam SDK 1.32
LogOnline:Warning: STEAM: Steam API disabled!
LogOnline:Display: STEAM: OnlineSubsystemSteam::Shutdown()
LogInit: WinSock: version 1.1 (2.2), MaxSocks=32767, MaxUdp=65467
LogVoice:Warning: Failed to initialize voice interface
LogInit: Presizing for max 8388607 objects, including 0 objects not considered by GC, pre-allocating 0 bytes for permanent pool.
LogInit: Object subsystem initialized
[2017.02.01-15.32.41:291][  0]LogInit: Selected Device Profile: [Windows]
[2017.02.01-15.32.41:291][  0]LogInit: Applying CVar settings loaded from the selected device profile: [Windows]
[2017.02.01-15.32.41:312][  0]LogInit: Computer: LAPTOP-I3LNLKIF
[2017.02.01-15.32.41:312][  0]LogInit: User: aronr
[2017.02.01-15.32.41:312][  0]LogInit: CPU Page size=65536, Cores=2
[2017.02.01-15.32.41:312][  0]LogInit: High frequency timer resolution =2.343751 MHz
[2017.02.01-15.32.41:312][  0]LogMemory: Memory total: Physical=7.9GB (8GB approx)
[2017.02.01-15.32.41:312][  0]LogMemory: Platform Memory Stats for Windows
[2017.02.01-15.32.41:312][  0]LogMemory: Process Physical Memory: 191.62 MB used, 191.62 MB peak
[2017.02.01-15.32.41:312][  0]LogMemory: Process Virtual Memory: 195.28 MB used, 195.28 MB peak
[2017.02.01-15.32.41:312][  0]LogMemory: Physical Memory: 4677.02 MB used, 8065.90 MB total
[2017.02.01-15.32.41:312][  0]LogMemory: Virtual Memory: 555.88 MB used, 134217728.00 MB total
[2017.02.01-15.32.41:352][  0]LogTextLocalizationManager: No specific translations for ('en-US') exist, so ('en') translations will be used.
[2017.02.01-15.32.41:905][  0]LogD3D11RHI: D3D11 adapters:
[2017.02.01-15.32.41:943][  0]LogD3D11RHI:    0. 'NVIDIA GeForce GTX 950M' (Feature Level 11_0)
[2017.02.01-15.32.41:943][  0]LogD3D11RHI:       2018/0/4032 MB DedicatedVideo/DedicatedSystem/SharedSystem, Outputs:1, VendorId:0x10de
[2017.02.01-15.32.41:950][  0]LogD3D11RHI:    1. 'Intel(R) HD Graphics 520' (Feature Level 11_0)
[2017.02.01-15.32.41:950][  0]LogD3D11RHI:       128/0/4032 MB DedicatedVideo/DedicatedSystem/SharedSystem, Outputs:0, VendorId:0x8086
[2017.02.01-15.32.41:952][  0]LogD3D11RHI:    2. 'Microsoft Basic Render Driver' (Feature Level 11_0)
[2017.02.01-15.32.41:952][  0]LogD3D11RHI:       0/0/4032 MB DedicatedVideo/DedicatedSystem/SharedSystem, Outputs:0, VendorId:0x1414
[2017.02.01-15.32.41:952][  0]LogD3D11RHI: Chosen D3D11 Adapter: 0
[2017.02.01-15.32.41:959][  0]LogD3D11RHI: Creating new Direct3DDevice
[2017.02.01-15.32.41:959][  0]LogD3D11RHI:     GPU DeviceId: 0x139a (for the marketing name, search the web for "GPU Device Id")
[2017.02.01-15.32.41:959][  0]LogWindows: EnumDisplayDevices:
[2017.02.01-15.32.41:959][  0]LogWindows:    0. 'Intel(R) HD Graphics 520' (P:1 D:1)
[2017.02.01-15.32.41:960][  0]LogWindows:    1. 'Intel(R) HD Graphics 520' (P:0 D:0)
[2017.02.01-15.32.41:960][  0]LogWindows:    2. 'Intel(R) HD Graphics 520' (P:0 D:0)
[2017.02.01-15.32.41:960][  0]LogWindows: DebugString: PrimaryIsNotTheChoosenAdapter PrimaryIsNotTheChoosenAdapter PrimaryIsNotTheChoosenAdapter FoundDriverCount:0 
[2017.02.01-15.32.41:960][  0]LogD3D11RHI:     Adapter Name: NVIDIA GeForce GTX 950M
[2017.02.01-15.32.41:960][  0]LogD3D11RHI:   Driver Version: Unknown (internal:Unknown, unified:Unknown)
[2017.02.01-15.32.41:960][  0]LogD3D11RHI:      Driver Date: Unknown
[2017.02.01-15.32.41:960][  0]LogRHI: Texture pool is 1361 MB (70% of 1945 MB)
[2017.02.01-15.32.41:981][  0]LogD3D11RHI: Async texture creation enabled
[2017.02.01-15.32.41:999][  0]LogD3D11RHI: GPU Timing Frequency: 1000.000000 (Debug: 2 2)
[2017.02.01-15.32.41:999][  0]LogShaderCompilers: Guid format shader working directory is -2 characters bigger than the processId version (../../../../../../Users/aronr/Desktop/MPProject/Intermediate/Shaders/WorkingDirectory/12644/).
[2017.02.01-15.32.41:999][  0]LogShaderCompilers: Cleaned the shader compiler working directory 'C:/Users/aronr/AppData/Local/Temp/UnrealShaderWorkingDir/BF44A86245270F4E2081F2A9359E7C4D/'.
[2017.02.01-15.32.41:999][  0]LogShaderCompilers:Display: Using Local Shader Compiler.
[2017.02.01-15.32.43:161][  0]LogTemp:Display: Loaded TP AllDesktopTargetPlatform
[2017.02.01-15.32.43:172][  0]LogTemp:Display: Loaded TP WindowsClientTargetPlatform
[2017.02.01-15.32.43:184][  0]LogTemp:Display: Loaded TP WindowsNoEditorTargetPlatform
[2017.02.01-15.32.43:194][  0]LogTemp:Display: Loaded TP WindowsServerTargetPlatform
[2017.02.01-15.32.43:206][  0]LogTemp:Display: Loaded TP WindowsTargetPlatform
[2017.02.01-15.32.43:218][  0]LogTemp:Display: Loaded TP AndroidTargetPlatform
[2017.02.01-15.32.43:229][  0]LogTemp:Display: Loaded TP Android_ASTCTargetPlatform
[2017.02.01-15.32.43:239][  0]LogTemp:Display: Loaded TP Android_ATCTargetPlatform
[2017.02.01-15.32.43:250][  0]LogTemp:Display: Loaded TP Android_DXTTargetPlatform
[2017.02.01-15.32.43:260][  0]LogTemp:Display: Loaded TP Android_ETC1TargetPlatform
[2017.02.01-15.32.43:270][  0]LogTemp:Display: Loaded TP Android_ETC2TargetPlatform
[2017.02.01-15.32.43:289][  0]LogTemp:Display: Loaded TP Android_MultiTargetPlatform
[2017.02.01-15.32.43:289][  0]LogTemp:Display: Loaded TP Android_PVRTCTargetPlatform
[2017.02.01-15.32.43:290][  0]LogTemp:Display: Loaded TP HTML5TargetPlatform
[2017.02.01-15.32.43:317][  0]LogTemp:Display: Loaded TP IOSTargetPlatform
[2017.02.01-15.32.43:326][  0]LogTemp:Display: Loaded TP TVOSTargetPlatform
[2017.02.01-15.32.43:336][  0]LogTemp:Display: Loaded TP LinuxNoEditorTargetPlatform
[2017.02.01-15.32.43:347][  0]LogTemp:Display: Loaded TP LinuxServerTargetPlatform
[2017.02.01-15.32.43:357][  0]LogTemp:Display: Loaded TP LinuxTargetPlatform
[2017.02.01-15.32.43:357][  0]LogTargetPlatformManager:Display: Building Assets For Windows
[2017.02.01-15.32.43:454][  0]LogDerivedDataCache:Display: Max Cache Size: 512 MB
[2017.02.01-15.32.43:520][  0]LogDerivedDataCache: Loaded boot cache 0.07s 48MB C:/Users/aronr/AppData/Local/UnrealEngine/4.12/DerivedDataCache/Boot.ddc.
[2017.02.01-15.32.43:521][  0]LogDerivedDataCache:Display: Loaded Boot cache: C:/Users/aronr/AppData/Local/UnrealEngine/4.12/DerivedDataCache/Boot.ddc
[2017.02.01-15.32.43:521][  0]LogDerivedDataCache: FDerivedDataBackendGraph:  Pak pak cache file ../../../../../../Users/aronr/Desktop/MPProject/DerivedDataCache/DDC.ddp not found, will not use a pak cache.
[2017.02.01-15.32.43:521][  0]LogDerivedDataCache: Unable to find inner node Pak for hierarchical cache Hierarchy.
[2017.02.01-15.32.43:521][  0]LogDerivedDataCache: FDerivedDataBackendGraph:  CompressedPak pak cache file ../../../../../../Users/aronr/Desktop/MPProject/DerivedDataCache/Compressed.ddp not found, will not use a pak cache.
[2017.02.01-15.32.43:521][  0]LogDerivedDataCache: Unable to find inner node CompressedPak for hierarchical cache Hierarchy.
[2017.02.01-15.32.43:541][  0]LogDerivedDataCache:Display: Pak cache opened for reading ../../../Engine/DerivedDataCache/Compressed.ddp.
[2017.02.01-15.32.43:554][  0]LogDerivedDataCache: Using Local data cache path C:/Users/aronr/AppData/Local/UnrealEngine/Common/DerivedDataCache: Writable
[2017.02.01-15.32.43:770][  0]LogInit: Selected Device Profile: [Windows]
[2017.02.01-15.32.43:770][  0]LogContentStreaming: Texture pool size is 0.00 MB
[2017.02.01-15.32.43:965][  0]LogMeshUtilities: No automatic mesh reduction module available
[2017.02.01-15.32.43:965][  0]LogMeshUtilities: No automatic mesh merging module available
[2017.02.01-15.32.43:965][  0]LogMeshUtilities: No distributed automatic mesh merging module available
[2017.02.01-15.32.44:278][  0]LogAssetRegistry: FAssetRegistry took 0.0223 seconds to start up
[2017.02.01-15.32.44:316][  0]LogPackageLocalizationCache: Processed 3 localized package path(s) for 2 prioritized culture(s) in 0.035169 seconds
[2017.02.01-15.32.44:323][  0]LogUObjectArray: 28746 objects as part of root set at end of initial load.
[2017.02.01-15.32.44:323][  0]LogUObjectAllocator: 6069096 out of 0 bytes used by permanent object pool.
[2017.02.01-15.32.44:323][  0]LogUObjectArray: CloseDisregardForGC: 0/0 objects in disregard for GC pool
[2017.02.01-15.32.44:557][  0]LogSlate: SlateFontCache - WITH_FREETYPE: 1, WITH_HARFBUZZ: 1
[2017.02.01-15.32.44:557][  0]LogSlate: SlateFontCache - WITH_FREETYPE: 1, WITH_HARFBUZZ: 1
[2017.02.01-15.32.45:372][  0]LogUdpMessaging: Initializing bridge on interface 0.0.0.0:0 to multicast group 230.0.0.1:6666.
[2017.02.01-15.32.45:628][  0]SourceControl: Info Source control is disabled
[2017.02.01-15.32.45:629][  0]SourceControl: Info Source control is disabled
[2017.02.01-15.32.45:639][  0]SourceControl: Info Source control is disabled
[2017.02.01-15.32.45:650][  0]SourceControl: Info Source control is disabled
[2017.02.01-15.32.45:928][  0]LogEngine: Initializing Engine...
[2017.02.01-15.32.45:928][  0]LogHMD: SteamVR failed to initialize.  Err: 110
[2017.02.01-15.32.45:929][  0]LogHMD: SteamVR failed to initialize.  Err: 110
[2017.02.01-15.32.46:094][  0]LogAIModule: Creating AISystem for world NewWorld
[2017.02.01-15.32.46:098][  0]LogInit: XAudio2 using 'Speakers (Realtek High Definition Audio)' : 2 channels at 48 kHz using 32 bits per sample (channel mask 0x3)
[2017.02.01-15.32.46:120][  0]LogInit: FAudioDevice initialized.
[2017.02.01-15.32.46:154][  0]LogDerivedDataCache: Saved boot cache 0.03s 48MB C:/Users/aronr/AppData/Local/UnrealEngine/4.12/DerivedDataCache/Boot.ddc.
[2017.02.01-15.32.46:166][  0]LogInit: Texture streaming: Enabled
[2017.02.01-15.32.46:196][  0]LogInit: Transaction tracking system initialized
[2017.02.01-15.32.46:225][  0]BlueprintLog: New page: Editor Load
[2017.02.01-15.32.46:334][  0]LocalizationService: Info Localization service is disabled
[2017.02.01-15.32.46:417][  0]LogConsoleResponse:Display: 
[2017.02.01-15.32.46:568][  0]LogCook:Display: Max memory allowance for cook 8192mb
[2017.02.01-15.32.46:568][  0]LogCook:Display: Mobile HDR setting 1
[2017.02.01-15.32.46:699][  0]LogFileCache: Scanning file cache for directory 'C:/Users/aronr/Desktop/MPProject/Content/' took 0.02s
[2017.02.01-15.32.46:699][  0]SourceControl: Info Source control is disabled
[2017.02.01-15.32.46:699][  0]Cmd: MAP LOAD FILE="../../../../../../Users/aronr/Desktop/MPProject/Content/Maps/MainMenu.umap" TEMPLATE=0 SHOWPROGRESS=1 FEATURELEVEL=3
[2017.02.01-15.32.46:699][  0]LightingResults: New page: Lighting Build
[2017.02.01-15.32.46:702][  0]MapCheck: New page: Map Check
[2017.02.01-15.32.46:702][  0]LightingResults: New page: Lighting Build
[2017.02.01-15.32.47:358][  0]LogAIModule: Creating AISystem for world MainMenu
[2017.02.01-15.32.47:360][  0]LogEditorServer: Finished looking for orphan Actors (0.000 secs)
[2017.02.01-15.32.47:361][  0]Cmd: MAP CHECKDEP NOCLEARLOG
[2017.02.01-15.32.47:411][  0]MapCheck: Info Map check complete: 0 Error(s), 0 Warning(s), took 50.289ms to complete.
[2017.02.01-15.32.47:412][  0]LogFileHelpers: Loading map 'MainMenu' took 0.713
[2017.02.01-15.32.47:606][  0]LogCollectionManager: Loaded 0 collections in 0.003683 seconds
[2017.02.01-15.32.47:658][  0]LogFileCache: Scanning file cache for directory 'C:/Users/aronr/Desktop/MPProject/Saved/Collections/' took 0.01s
[2017.02.01-15.32.47:658][  0]LogFileCache: Scanning file cache for directory 'C:/Users/aronr/Desktop/MPProject/Content/Developers/aronr/Collections/' took 0.01s
[2017.02.01-15.32.47:658][  0]LogFileCache: Scanning file cache for directory 'C:/Users/aronr/Desktop/MPProject/Content/Collections/' took 0.01s
[2017.02.01-15.32.47:658][  0]LogCollectionManager: Rebuilt the GUID cache for 0 collections in 0.000007 seconds
[2017.02.01-15.32.47:678][  0]LogContentBrowser: Native class hierarchy populated in 0.0187 seconds. Added 2054 classes and 376 folders.
[2017.02.01-15.32.47:684][  0]LogStats: UGameplayTagsManager::ConstructGameplayTagTree: Construct from data asset -  0.000 s
[2017.02.01-15.32.47:684][  0]LogStats: UGameplayTagsManager::ConstructGameplayTagTree: GameplayTagTreeChangedEvent.Broadcast -  0.000 s
[2017.02.01-15.32.47:694][  0]LogContentBrowser: Native class hierarchy updated for 'GameplayTags' in 0.0087 seconds. Added 12 classes and 0 folders.
[2017.02.01-15.32.47:704][  0]LogContentBrowser: Native class hierarchy updated for 'WidgetCarousel' in 0.0006 seconds. Added 0 classes and 0 folders.
[2017.02.01-15.32.47:798][  0]LogContentBrowser: Native class hierarchy updated for 'AddContentDialog' in 0.0009 seconds. Added 0 classes and 0 folders.
[2017.02.01-15.32.47:804][  0]LogContentBrowser: Native class hierarchy updated for 'SceneOutliner' in 0.0004 seconds. Added 1 classes and 2 folders.
[2017.02.01-15.32.47:832][  0]LogCrashTracker: Crashtracker disabled due to settings.
[2017.02.01-15.32.47:844][  0]LogUObjectGlobals:Warning: Failed to find object 'Class None.'
[2017.02.01-15.32.47:877][  0]LogContentBrowser: Native class hierarchy updated for 'HierarchicalLODOutliner' in 0.0012 seconds. Added 1 classes and 2 folders.
[2017.02.01-15.32.47:878][  0]LogLoad: Full Startup: 7.68 seconds (BP compile: 0.20 seconds)
[2017.02.01-15.32.47:878][  0]LogExternalProfiler: Found external profiler: VSPerf
[2017.02.01-15.32.47:878][  0]LogExternalProfiler: Using external profiler: VSPerf
[2017.02.01-15.32.48:219][  0]LogOcInput: OculusInput pre-init called
[2017.02.01-15.32.48:243][  0]LogContentStreaming: Texture pool size now 1000 MB
[2017.02.01-15.32.48:535][  0]LogRenderer: Reallocating scene render targets to support 964x436 (Frame:2).
[2017.02.01-15.32.49:650][  4]LogAssetRegistry: Asset discovery search completed in 5.3951 seconds
[2017.02.01-15.32.49:651][  4]LogCollectionManager: Rebuilt the object cache for 0 collections in 0.000000 seconds (found 0 objects)
[2017.02.01-15.32.49:651][  4]LogCollectionManager: Fixed up redirectors for 0 collections in 0.000052 seconds (updated 0 objects)
[2017.02.01-15.33.07:166][ 90]LogContentBrowser: Native class hierarchy updated for 'BlueprintGraph' in 0.0010 seconds. Added 111 classes and 0 folders.
[2017.02.01-15.34.34:199][835]Cmd: OBJ SAVEPACKAGE PACKAGE="/Game/UI/Lobby/GameSettings" FILE="../../../../../../Users/aronr/Desktop/MPProject/Content/UI/Lobby/GameSettings.uasset" SILENT=true
[2017.02.01-15.34.34:340][835]LogSavePackage: Save=113.86ms
[2017.02.01-15.34.34:341][835]LogSavePackage: Moving '../../../../../../Users/aronr/Desktop/MPProject/Saved/GameSettings634A7ED7423234217198718E5D21F954.tmp' to '../../../../../../Users/aronr/Desktop/MPProject/Content/UI/Lobby/GameSettings.uasset'
[2017.02.01-15.34.34:348][835]LogSavePackage:Display: Finished SavePackage ../../../../../../Users/aronr/Desktop/MPProject/Content/UI/Lobby/GameSettings.uasset
[2017.02.01-15.34.34:675][847]BlueprintLog: New page: Compile GameSettings
[2017.02.01-15.34.34:942][847]BlueprintEditorCompileResults: Info [0114.74] Compile of GameSettings successful! [in 266 ms] (/Game/UI/Lobby/GameSettings.GameSettings)
[2017.02.01-15.34.35:415][860]Cmd: OBJ SAVEPACKAGE PACKAGE="/Game/UI/Lobby/GameSettings" FILE="../../../../../../Users/aronr/Desktop/MPProject/Content/UI/Lobby/GameSettings.uasset" SILENT=true
[2017.02.01-15.34.35:526][860]LogSavePackage: Save=94.06ms
[2017.02.01-15.34.35:526][860]LogSavePackage: Moving '../../../../../../Users/aronr/Desktop/MPProject/Saved/GameSettings2C12E3C54F0315F508ADC69935A57D39.tmp' to '../../../../../../Users/aronr/Desktop/MPProject/Content/UI/Lobby/GameSettings.uasset'
[2017.02.01-15.34.35:528][860]LogSavePackage:Display: Finished SavePackage ../../../../../../Users/aronr/Desktop/MPProject/Content/UI/Lobby/GameSettings.uasset
[2017.02.01-15.37.14:657][227]BlueprintLog: New page: Compile GameSettings
[2017.02.01-15.37.14:990][227]BlueprintEditorCompileResults: Info [0274.79] Compile of GameSettings successful! [in 332 ms] (/Game/UI/Lobby/GameSettings.GameSettings)
[2017.02.01-15.38.01:554][332]BlueprintLog: New page: Compile GameSettings
[2017.02.01-15.38.01:936][332]BlueprintEditorCompileResults: Info [0321.74] Compile of GameSettings successful! [in 382 ms] (/Game/UI/Lobby/GameSettings.GameSettings)
[2017.02.01-15.38.01:970][332]Cmd: OBJ SAVEPACKAGE PACKAGE="/Game/UI/Lobby/GameSettings" FILE="../../../../../../Users/aronr/Desktop/MPProject/Content/UI/Lobby/GameSettings.uasset" SILENT=true
[2017.02.01-15.38.02:130][332]LogSavePackage: Save=137.83ms
[2017.02.01-15.38.02:130][332]LogSavePackage: Moving '../../../../../../Users/aronr/Desktop/MPProject/Saved/GameSettings3903C7B245262908D54FBD946945B0A6.tmp' to '../../../../../../Users/aronr/Desktop/MPProject/Content/UI/Lobby/GameSettings.uasset'
[2017.02.01-15.38.02:133][332]LogSavePackage:Display: Finished SavePackage ../../../../../../Users/aronr/Desktop/MPProject/Content/UI/Lobby/GameSettings.uasset
[2017.02.01-15.38.51:371][769]LogSlate:Warning: Prevented a slow task dialog from being summoned while a context menu was open
[2017.02.01-15.39.17:426][563]BlueprintLog: New page: Compile PlayerButton
[2017.02.01-15.39.17:915][563]BlueprintEditorCompileResults: Info [0397.71] Compile of PlayerButton successful! [in 488 ms] (/Game/UI/Lobby/PlayerButton.PlayerButton)
[2017.02.01-15.39.18:171][570]Cmd: OBJ SAVEPACKAGE PACKAGE="/Game/UI/Lobby/PlayerButton" FILE="../../../../../../Users/aronr/Desktop/MPProject/Content/UI/Lobby/PlayerButton.uasset" SILENT=true
[2017.02.01-15.39.18:240][570]LogSavePackage: Save=39.24ms
[2017.02.01-15.39.18:240][570]LogSavePackage: Moving '../../../../../../Users/aronr/Desktop/MPProject/Saved/PlayerButton898AADDA414EFEF8AD4CC99EF01B9A02.tmp' to '../../../../../../Users/aronr/Desktop/MPProject/Content/UI/Lobby/PlayerButton.uasset'
[2017.02.01-15.39.18:244][570]LogSavePackage:Display: Finished SavePackage ../../../../../../Users/aronr/Desktop/MPProject/Content/UI/Lobby/PlayerButton.uasset
[2017.02.01-15.39.22:183][810]Cmd: OBJ SAVEPACKAGE PACKAGE="/Game/UI/Lobby/GameSettings" FILE="../../../../../../Users/aronr/Desktop/MPProject/Content/UI/Lobby/GameSettings.uasset" SILENT=true
[2017.02.01-15.39.22:353][810]LogSavePackage: Save=150.82ms
[2017.02.01-15.39.22:353][810]LogSavePackage: Moving '../../../../../../Users/aronr/Desktop/MPProject/Saved/GameSettings7478F9D645D20F1CF035DE802AACA09E.tmp' to '../../../../../../Users/aronr/Desktop/MPProject/Content/UI/Lobby/GameSettings.uasset'
[2017.02.01-15.39.22:358][810]LogSavePackage:Display: Finished SavePackage ../../../../../../Users/aronr/Desktop/MPProject/Content/UI/Lobby/GameSettings.uasset
[2017.02.01-15.39.39:339][614]BlueprintLog: New page: Compile GameSettings
[2017.02.01-15.39.39:611][614]BlueprintEditorCompileResults: Info [0419.41] Compile of GameSettings successful! [in 271 ms] (/Game/UI/Lobby/GameSettings.GameSettings)
[2017.02.01-15.39.39:789][618]Cmd: OBJ SAVEPACKAGE PACKAGE="/Game/UI/Lobby/GameSettings" FILE="../../../../../../Users/aronr/Desktop/MPProject/Content/UI/Lobby/GameSettings.uasset" SILENT=true
[2017.02.01-15.39.39:941][618]LogSavePackage: Save=124.31ms
[2017.02.01-15.39.39:941][618]LogSavePackage: Moving '../../../../../../Users/aronr/Desktop/MPProject/Saved/GameSettingsEA1354904A54FFC8CFD5EFB8A50872AE.tmp' to '../../../../../../Users/aronr/Desktop/MPProject/Content/UI/Lobby/GameSettings.uasset'
[2017.02.01-15.39.39:948][618]LogSavePackage:Display: Finished SavePackage ../../../../../../Users/aronr/Desktop/MPProject/Content/UI/Lobby/GameSettings.uasset
[2017.02.01-15.40.26:077][696]BlueprintLog: New page: Compile GameSettings
[2017.02.01-15.40.26:468][696]BlueprintEditorCompileResults: Info [0466.27] Compile of GameSettings successful! [in 391 ms] (/Game/UI/Lobby/GameSettings.GameSettings)
[2017.02.01-15.40.27:142][705]Cmd: OBJ SAVEPACKAGE PACKAGE="/Game/UI/Lobby/GameSettings" FILE="../../../../../../Users/aronr/Desktop/MPProject/Content/UI/Lobby/GameSettings.uasset" SILENT=true
[2017.02.01-15.40.27:290][705]LogSavePackage: Save=117.71ms
[2017.02.01-15.40.27:290][705]LogSavePackage: Moving '../../../../../../Users/aronr/Desktop/MPProject/Saved/GameSettings538606ED4A75BE9669B971BC2D9248EB.tmp' to '../../../../../../Users/aronr/Desktop/MPProject/Content/UI/Lobby/GameSettings.uasset'
[2017.02.01-15.40.27:293][705]LogSavePackage:Display: Finished SavePackage ../../../../../../Users/aronr/Desktop/MPProject/Content/UI/Lobby/GameSettings.uasset
[2017.02.01-15.40.44:280][256]BlueprintLog: New page: Compile GameSettings
[2017.02.01-15.40.44:594][256]BlueprintEditorCompileResults: Info [0484.39] Compile of GameSettings successful! [in 314 ms] (/Game/UI/Lobby/GameSettings.GameSettings)
[2017.02.01-15.40.45:148][265]Cmd: OBJ SAVEPACKAGE PACKAGE="/Game/UI/Lobby/GameSettings" FILE="../../../../../../Users/aronr/Desktop/MPProject/Content/UI/Lobby/GameSettings.uasset" SILENT=true
[2017.02.01-15.40.45:330][265]LogSavePackage: Save=151.07ms
[2017.02.01-15.40.45:330][265]LogSavePackage: Moving '../../../../../../Users/aronr/Desktop/MPProject/Saved/GameSettings3E3931A3415EB5539DA20B9EA09193C7.tmp' to '../../../../../../Users/aronr/Desktop/MPProject/Content/UI/Lobby/GameSettings.uasset'
[2017.02.01-15.40.45:334][265]LogSavePackage:Display: Finished SavePackage ../../../../../../Users/aronr/Desktop/MPProject/Content/UI/Lobby/GameSettings.uasset
[2017.02.01-15.41.35:587][580]LogBlueprintUserMessages: Early PlayInEditor Detection: Level '/Game/Maps/MainMenu.MainMenu:PersistentLevel' has LevelScriptBlueprint '/Game/Maps/MainMenu.MainMenu:PersistentLevel.MainMenu' with GeneratedClass '/Game/Maps/MainMenu.MainMenu_C' with ClassGeneratedBy '/Game/Maps/MainMenu.MainMenu:PersistentLevel.MainMenu'
[2017.02.01-15.41.35:588][580]LogPlayLevel: PlayLevel: No blueprints needed recompiling
[2017.02.01-15.41.35:590][580]PIE: New page: PIE session: MainMenu (Feb 1, 2017, 5:41:35 AM)
[2017.02.01-15.41.35:590][580]LogPlayLevel: Creating play world package: /Game/Maps/UEDPIE_1_MainMenu
[2017.02.01-15.41.35:591][580]LogPlayLevel: PIE: StaticDuplicateObject took: (0.001198s)
[2017.02.01-15.41.35:592][580]LogAIModule: Creating AISystem for world MainMenu
[2017.02.01-15.41.35:592][580]LogPlayLevel: PIE: World Init took: (0.000896s)
[2017.02.01-15.41.35:593][580]LogPlayLevel: PIE: Created PIE world by copying editor world from /Game/Maps/MainMenu.MainMenu to /Game/Maps/UEDPIE_1_MainMenu.MainMenu (0.002363s)
[2017.02.01-15.41.35:642][580]LogInit: XAudio2 using 'Speakers (Realtek High Definition Audio)' : 2 channels at 48 kHz using 32 bits per sample (channel mask 0x3)
[2017.02.01-15.41.35:648][580]LogInit: FAudioDevice initialized.
[2017.02.01-15.41.35:992][580]LogWorld: Game class is 'ThirdPersonGameMode_C'
[2017.02.01-15.41.35:995][580]LogWorld: Bringing World /Game/Maps/UEDPIE_1_MainMenu.MainMenu up for play (max tick rate 0) at 2017.02.01-10.41.35
[2017.02.01-15.41.35:995][580]LogWorld: Bringing up level for play took: 0.002029
[2017.02.01-15.41.36:008][580]LogVoice:Warning: Failed to initialize voice interface
[2017.02.01-15.41.36:023][580]LogContentBrowser: Native class hierarchy updated for 'MovieSceneCapture' in 0.0010 seconds. Added 11 classes and 0 folders.
[2017.02.01-15.41.36:024][580]LogInit: WinSock: Socket queue 131072 / 131072
[2017.02.01-15.41.36:025][580]LogInit: WinSock: I am LAPTOP-I3LNLKIF (10.114.182.69:0)
[2017.02.01-15.41.36:025][580]PacketHandlerLog: Loaded PacketHandler component: Engine.EngineHandlerComponentFactory (StatelessConnectHandlerComponent)
[2017.02.01-15.41.36:025][580]LogNet: GameNetDriver IpNetDriver_0 IpNetDriver listening on port 7777
[2017.02.01-15.41.36:138][580]PIE: Info Play in editor start time for /Game/Maps/UEDPIE_1_MainMenu 1.087
[2017.02.01-15.41.36:140][580]PIE: New page: PIE session: MainMenu (Feb 1, 2017, 5:41:36 AM)
[2017.02.01-15.41.36:200][580]LogNet: Browse: 127.0.0.1//Game/Maps/MainMenu
[2017.02.01-15.41.36:200][580]LogInit: WinSock: Socket queue 32768 / 32768
[2017.02.01-15.41.36:201][580]PacketHandlerLog: Loaded PacketHandler component: Engine.EngineHandlerComponentFactory (StatelessConnectHandlerComponent)
[2017.02.01-15.41.36:201][580]LogNet: Game client on port 7777, rate 10000
[2017.02.01-15.41.36:201][580]LogNet: GetLocalNetworkVersion: GEngineNetVersion: 3039270, ProjectName: mpproject, ProjectVersion: 1.0.0.0, InternalProtocolVersion: 9, LocalNetworkVersion: 2484769150
[2017.02.01-15.41.36:271][580]PIE: Info Play in editor start time for /Game/Maps/MainMenu 1.219
[2017.02.01-15.41.36:344][580]LogBlueprintUserMessages: Late PlayInEditor Detection: Level '/Game/Maps/MainMenu.MainMenu:PersistentLevel' has LevelScriptBlueprint '/Game/Maps/MainMenu.MainMenu:PersistentLevel.MainMenu' with GeneratedClass '/Game/Maps/MainMenu.MainMenu_C' with ClassGeneratedBy '/Game/Maps/MainMenu.MainMenu:PersistentLevel.MainMenu'
[2017.02.01-15.41.36:344][580]LogNet: NotifyAcceptingConnection: Server MainMenu accept
[2017.02.01-15.41.36:344][580]LogHandshake: SendConnectChallenge. Timestamp: 0.064796, Cookie: 068075111010222125023108215125201029107194254124079209086017
[2017.02.01-15.41.36:345][580]LogNet: NotifyAcceptingConnection: Server MainMenu accept
[2017.02.01-15.41.36:355][580]LogHandshake: SendChallengeResponse. Timestamp: 0.064796, Cookie: 068075111010222125023108215125201029107194254124079209086017
[2017.02.01-15.41.36:393][580]LogRenderer: Reallocating scene render targets to support 1292x756 (Frame:253).
[2017.02.01-15.41.36:472][581]LogNet: NotifyAcceptingConnection: Server MainMenu accept
[2017.02.01-15.41.36:472][581]LogNet: Server accepting post-challenge connection from: 127.0.0.1:54212
[2017.02.01-15.41.36:472][581]PacketHandlerLog: Loaded PacketHandler component: Engine.EngineHandlerComponentFactory (StatelessConnectHandlerComponent)
[2017.02.01-15.41.36:472][581]LogNet: NotifyAcceptedConnection: Name: MainMenu, TimeStamp: 02/01/17 10:41:36, [UNetConnection] RemoteAddr: 127.0.0.1:54212, Name: IpConnection_1, Driver: GameNetDriver IpNetDriver_0, IsServer: YES, PC: NULL, Owner: NULL
[2017.02.01-15.41.36:472][581]LogNet: AddClientConnection: Added client connection: [UNetConnection] RemoteAddr: 127.0.0.1:54212, Name: IpConnection_1, Driver: GameNetDriver IpNetDriver_0, IsServer: YES, PC: NULL, Owner: NULL
[2017.02.01-15.41.36:540][582]LogNet: NotifyAcceptingChannel Control 0 server World /Game/Maps/UEDPIE_1_MainMenu.MainMenu: Accepted
[2017.02.01-15.41.36:540][582]LogNet: Remote platform little endian=1
[2017.02.01-15.41.36:540][582]LogNet: This platform little endian=1
[2017.02.01-15.41.36:540][582]LogNet: GetLocalNetworkVersion: GEngineNetVersion: 3039270, ProjectName: mpproject, ProjectVersion: 1.0.0.0, InternalProtocolVersion: 9, LocalNetworkVersion: 2484769150
[2017.02.01-15.41.36:552][582]LogVoice:Warning: Failed to initialize voice interface
[2017.02.01-15.41.36:575][583]LogNet: Login request: /Game/Maps/MainMenu?Name=LAPTOP-I3LNLKIF-12D0EAEE4EBC2C3FF7CC2985284E43A9 userId: LAPTOP-I3LNLKIF-12D0EAEE4EBC2C3FF7CC2985284E43A9
[2017.02.01-15.41.36:577][583]LogNet: Welcomed by server (Level: /Game/Maps/UEDPIE_1_MainMenu, Game: /Game/ThirdPersonBP/Blueprints/ThirdPersonGameMode.ThirdPersonGameMode_C)
[2017.02.01-15.41.36:623][583]LogLoad: LoadMap: 127.0.0.1//Game/Maps/UEDPIE_1_MainMenu?game=/Game/ThirdPersonBP/Blueprints/ThirdPersonGameMode.ThirdPersonGameMode_C
[2017.02.01-15.41.36:701][583]Cmd: MEM
[2017.02.01-15.41.36:762][583]LogMemory: Platform Memory Stats for Windows
[2017.02.01-15.41.36:762][583]LogMemory: Process Physical Memory: 1068.70 MB used, 1068.70 MB peak
[2017.02.01-15.41.36:762][583]LogMemory: Process Virtual Memory: 1880.77 MB used, 1880.77 MB peak
[2017.02.01-15.41.36:762][583]LogMemory: Physical Memory: 4971.51 MB used, 8065.90 MB total
[2017.02.01-15.41.36:762][583]LogMemory: Virtual Memory: 2609.57 MB used, 134217728.00 MB total
[2017.02.01-15.41.36:762][583]LogMemory: 
[2017.02.01-15.41.36:762][583]Allocator Stats for TBB: (not implemented)
[2017.02.01-15.41.36:764][583]LogWorld: PIE: Copying PIE streaming level from /Game/Maps/MainMenu.MainMenu to /Game/Maps/UEDPIE_2_MainMenu.MainMenu. OwningWorld: None
[2017.02.01-15.41.36:765][583]LogAIModule: Creating AISystem for world MainMenu
[2017.02.01-15.41.36:775][583]LogWorld: Bringing World /Game/Maps/UEDPIE_2_MainMenu.MainMenu up for play (max tick rate 0) at 2017.02.01-10.41.36
[2017.02.01-15.41.36:775][583]LogWorld: Bringing up level for play took: 0.009219
[2017.02.01-15.41.36:777][583]LogLoad: Took 0.154263 seconds to LoadMap(/Game/Maps/UEDPIE_1_MainMenu)
[2017.02.01-15.41.36:803][584]LogNet: Client netspeed is 10000
[2017.02.01-15.41.36:803][584]LogNet: Join request: /Game/Maps/MainMenu?Name=LAPTOP-I3LNLKIF-12D0EAEE4EBC2C3FF7CC2985284E43A9?SplitscreenCount=1
[2017.02.01-15.41.36:805][584]LogOnline:Warning: NULL: No game present to join for session (Game)
[2017.02.01-15.41.36:809][584]LogNet: Join succeeded: LAPTOP-I3LNLKIF-12D0
[2017.02.01-15.41.36:809][584]LogCharacterMovement:Warning: GetSimulationTimeStep() - Max iterations 8 hit while remaining time 0.450175 > MaxSimulationTimeStep (0.050) for 'ThirdPersonCharacter_C_1', movement 'Falling'
[2017.02.01-15.41.36:857][585]LogOnline:Warning: NULL: No game present to join for session (Game)
[2017.02.01-15.41.36:857][585]LogOnline:Warning: NULL: No game present to join for session (Game)
[2017.02.01-15.41.46:017][760]LogRenderer: Reallocating scene render targets to support 1292x792 (Frame:613).
[2017.02.01-15.41.50:375][826]LogNet: Browse: /Game/Maps/Lobby?Listen
[2017.02.01-15.41.50:418][826]LogLoad: LoadMap: /Game/Maps/Lobby?Listen
[2017.02.01-15.41.50:418][826]LogNet: World NetDriver shutdown IpNetDriver_0 [GameNetDriver]
[2017.02.01-15.41.50:418][826]LogNet: DestroyNamedNetDriver IpNetDriver_0 [GameNetDriver]
[2017.02.01-15.41.50:419][826]LogNet: UNetConnection::Cleanup: Closing open connection. [UNetConnection] RemoteAddr: 127.0.0.1:54212, Name: IpConnection_1, Driver: GameNetDriver IpNetDriver_0, IsServer: YES, PC: PlayerController_1, Owner: PlayerController_1
[2017.02.01-15.41.50:419][826]LogNet: UNetConnection::Close: [UNetConnection] RemoteAddr: 127.0.0.1:54212, Name: IpConnection_1, Driver: GameNetDriver IpNetDriver_0, IsServer: YES, PC: PlayerController_1, Owner: PlayerController_1, Channels: 11, Time: 2017.02.01-15.41.50
[2017.02.01-15.41.50:419][826]LogNet: UChannel::Close: Sending CloseBunch. ChIndex == 0. Name: [UChannel] ChIndex: 0, Closing: 0 [UNetConnection] RemoteAddr: 127.0.0.1:54212, Name: IpConnection_1, Driver: GameNetDriver IpNetDriver_0, IsServer: YES, PC: PlayerController_1, Owner: PlayerController_1
[2017.02.01-15.41.50:420][826]LogExit: GameNetDriver IpNetDriver_0 shut down
[2017.02.01-15.41.50:465][826]Cmd: MEM
[2017.02.01-15.41.50:506][826]LogMemory: Platform Memory Stats for Windows
[2017.02.01-15.41.50:506][826]LogMemory: Process Physical Memory: 1096.40 MB used, 1106.66 MB peak
[2017.02.01-15.41.50:506][826]LogMemory: Process Virtual Memory: 1836.04 MB used, 2001.93 MB peak
[2017.02.01-15.41.50:506][826]LogMemory: Physical Memory: 5014.21 MB used, 8065.90 MB total
[2017.02.01-15.41.50:506][826]LogMemory: Virtual Memory: 2714.26 MB used, 134217728.00 MB total
[2017.02.01-15.41.50:506][826]LogMemory: 
[2017.02.01-15.41.50:506][826]Allocator Stats for TBB: (not implemented)
[2017.02.01-15.41.51:016][826]LogAIModule: Creating AISystem for world Lobby
[2017.02.01-15.41.51:017][826]LogWorld: Game class is 'LobbyGM_C'
[2017.02.01-15.41.51:017][826]LogInit: WinSock: Socket queue 131072 / 131072
[2017.02.01-15.41.51:018][826]PacketHandlerLog: Loaded PacketHandler component: Engine.EngineHandlerComponentFactory (StatelessConnectHandlerComponent)
[2017.02.01-15.41.51:018][826]LogNet: GameNetDriver IpNetDriver_2 IpNetDriver listening on port 7777
[2017.02.01-15.41.51:022][826]LogWorld: Bringing World /Game/Maps/UEDPIE_1_Lobby.Lobby up for play (max tick rate 0) at 2017.02.01-10.41.51
[2017.02.01-15.41.51:022][826]LogWorld: Bringing up level for play took: 0.004006
[2017.02.01-15.41.51:030][826]LogOnline:Warning: NULL: Can't start an online session (Game) in state InProgress
[2017.02.01-15.41.51:031][826]LogLoad: Took 0.612905 seconds to LoadMap(/Game/Maps/Lobby)
[2017.02.01-15.41.51:031][826]LogNet:Warning: Network Failure: GameNetDriver[FailureReceived]: Host closed the connection.
[2017.02.01-15.41.51:031][826]LogNet:Warning: Network Failure: GameNetDriver[FailureReceived]: Host closed the connection.
[2017.02.01-15.41.51:031][826]LogNet: NetworkFailure: FailureReceived, Error: 'Host closed the connection.'
[2017.02.01-15.41.51:031][826]LogNet: UNetConnection::Close: [UNetConnection] RemoteAddr: 127.0.0.1:7777, Name: IpConnection_0, Driver: GameNetDriver IpNetDriver_1, IsServer: NO, PC: PlayerController_1, Owner: PlayerController_1, Channels: 11, Time: 2017.02.01-15.41.51
[2017.02.01-15.41.51:031][826]LogNet: UChannel::Close: Sending CloseBunch. ChIndex == 0. Name: [UChannel] ChIndex: 0, Closing: 0 [UNetConnection] RemoteAddr: 127.0.0.1:7777, Name: IpConnection_0, Driver: GameNetDriver IpNetDriver_1, IsServer: NO, PC: PlayerController_1, Owner: PlayerController_1
[2017.02.01-15.41.51:031][826]LogNet:Warning: Network Failure: GameNetDriver[ConnectionLost]: Your connection to the host has been lost.
[2017.02.01-15.41.51:031][826]LogNet:Warning: Network Failure: GameNetDriver[ConnectionLost]: Your connection to the host has been lost.
[2017.02.01-15.41.51:031][826]LogNet: NetworkFailure: ConnectionLost, Error: 'Your connection to the host has been lost.'
[2017.02.01-15.41.51:060][827]LogNet: NotifyAcceptingConnection: Server Lobby accept
[2017.02.01-15.41.51:060][827]LogNet: NotifyAcceptingConnection: Server Lobby accept
[2017.02.01-15.41.51:061][827]LogNet: Browse: /Game/Maps/MainMenu?closed
[2017.02.01-15.41.51:061][827]LogNet: Failed; returning to Entry
[2017.02.01-15.41.51:091][827]LogLoad: LoadMap: /Game/Maps/MainMenu?closed
[2017.02.01-15.41.51:091][827]LogNet: World NetDriver shutdown IpNetDriver_1 [GameNetDriver]
[2017.02.01-15.41.51:091][827]LogNet: DestroyNamedNetDriver IpNetDriver_1 [GameNetDriver]
[2017.02.01-15.41.51:091][827]LogExit: GameNetDriver IpNetDriver_1 shut down
[2017.02.01-15.41.51:144][827]Cmd: MEM
[2017.02.01-15.41.51:190][827]LogMemory: Platform Memory Stats for Windows
[2017.02.01-15.41.51:190][827]LogMemory: Process Physical Memory: 1197.84 MB used, 1197.84 MB peak
[2017.02.01-15.41.51:190][827]LogMemory: Process Virtual Memory: 1967.42 MB used, 2001.93 MB peak
[2017.02.01-15.41.51:190][827]LogMemory: Physical Memory: 5124.81 MB used, 8065.90 MB total
[2017.02.01-15.41.51:190][827]LogMemory: Virtual Memory: 2789.82 MB used, 134217728.00 MB total
[2017.02.01-15.41.51:190][827]LogMemory: 
[2017.02.01-15.41.51:190][827]Allocator Stats for TBB: (not implemented)
[2017.02.01-15.41.51:190][827]LogPlayLevel: Creating play world package: /Game/Maps/UEDPIE_2_MainMenu
[2017.02.01-15.41.51:191][827]LogPlayLevel: PIE: StaticDuplicateObject took: (0.000913s)
[2017.02.01-15.41.51:192][827]LogAIModule: Creating AISystem for world MainMenu
[2017.02.01-15.41.51:192][827]LogPlayLevel: PIE: World Init took: (0.000574s)
[2017.02.01-15.41.51:192][827]LogPlayLevel: PIE: Created PIE world by copying editor world from /Game/Maps/MainMenu.MainMenu to /Game/Maps/UEDPIE_2_MainMenu.MainMenu (0.001662s)
[2017.02.01-15.41.51:192][827]LogWorld: Game class is 'ThirdPersonGameMode_C'
[2017.02.01-15.41.51:194][827]LogWorld: Bringing World /Game/Maps/UEDPIE_2_MainMenu.MainMenu up for play (max tick rate 0) at 2017.02.01-10.41.51
[2017.02.01-15.41.51:194][827]LogWorld: Bringing up level for play took: 0.001278
[2017.02.01-15.41.51:195][827]LogGameMode: Warning - PATHS NOT DEFINED or NO PLAYERSTART with positive rating
[2017.02.01-15.41.51:199][827]LogLoad: Took 0.108011 seconds to LoadMap(/Game/Maps/UEDPIE_2_MainMenu)
[2017.02.01-15.42.01:172][ 31]LogNet: Browse: 10.114.182.69//Game/Maps/MainMenu
[2017.02.01-15.42.01:173][ 31]LogInit: WinSock: Socket queue 32768 / 32768
[2017.02.01-15.42.01:174][ 31]PacketHandlerLog: Loaded PacketHandler component: Engine.EngineHandlerComponentFactory (StatelessConnectHandlerComponent)
[2017.02.01-15.42.01:174][ 31]LogNet: Game client on port 7777, rate 10000
[2017.02.01-15.42.01:174][ 31]LogNet: GetLocalNetworkVersion: GEngineNetVersion: 3039270, ProjectName: mpproject, ProjectVersion: 1.0.0.0, InternalProtocolVersion: 9, LocalNetworkVersion: 2484769150
[2017.02.01-15.42.01:220][ 32]LogNet: NotifyAcceptingConnection: Server Lobby accept
[2017.02.01-15.42.01:220][ 32]LogHandshake: SendConnectChallenge. Timestamp: 10.899208, Cookie: 070234140250131044123153120027228084058186037178077045243043
[2017.02.01-15.42.01:220][ 32]LogNet: NotifyAcceptingConnection: Server Lobby accept
[2017.02.01-15.42.01:221][ 32]LogHandshake: SendChallengeResponse. Timestamp: 10.899208, Cookie: 070234140250131044123153120027228084058186037178077045243043
[2017.02.01-15.42.01:269][ 33]LogNet: NotifyAcceptingConnection: Server Lobby accept
[2017.02.01-15.42.01:269][ 33]LogNet: Server accepting post-challenge connection from: 10.114.182.69:49539
[2017.02.01-15.42.01:269][ 33]PacketHandlerLog: Loaded PacketHandler component: Engine.EngineHandlerComponentFactory (StatelessConnectHandlerComponent)
[2017.02.01-15.42.01:269][ 33]LogNet: NotifyAcceptedConnection: Name: Lobby, TimeStamp: 02/01/17 10:42:01, [UNetConnection] RemoteAddr: 10.114.182.69:49539, Name: IpConnection_3, Driver: GameNetDriver IpNetDriver_2, IsServer: YES, PC: NULL, Owner: NULL
[2017.02.01-15.42.01:270][ 33]LogNet: AddClientConnection: Added client connection: [UNetConnection] RemoteAddr: 10.114.182.69:49539, Name: IpConnection_3, Driver: GameNetDriver IpNetDriver_2, IsServer: YES, PC: NULL, Owner: NULL
[2017.02.01-15.42.01:515][ 38]LogNet: NotifyAcceptingChannel Control 0 server World /Game/Maps/UEDPIE_1_Lobby.Lobby: Accepted
[2017.02.01-15.42.01:516][ 38]LogNet: Remote platform little endian=1
[2017.02.01-15.42.01:516][ 38]LogNet: This platform little endian=1
[2017.02.01-15.42.01:516][ 38]LogNet: GetLocalNetworkVersion: GEngineNetVersion: 3039270, ProjectName: mpproject, ProjectVersion: 1.0.0.0, InternalProtocolVersion: 9, LocalNetworkVersion: 2484769150
[2017.02.01-15.42.01:564][ 39]LogNet: Login request: /Game/Maps/MainMenu?Name=LAPTOP-I3LNLKIF-12D0EAEE4EBC2C3FF7CC2985284E43A9 userId: LAPTOP-I3LNLKIF-12D0EAEE4EBC2C3FF7CC2985284E43A9
[2017.02.01-15.42.01:569][ 39]LogNet: Welcomed by server (Level: /Game/Maps/UEDPIE_1_Lobby, Game: /Game/Blueprints/Lobby/LobbyGM.LobbyGM_C)
[2017.02.01-15.42.01:611][ 39]LogLoad: LoadMap: 10.114.182.69//Game/Maps/UEDPIE_1_Lobby?game=/Game/Blueprints/Lobby/LobbyGM.LobbyGM_C
[2017.02.01-15.42.01:760][ 39]Cmd: MEM
[2017.02.01-15.42.01:902][ 39]LogMemory: Platform Memory Stats for Windows
[2017.02.01-15.42.01:902][ 39]LogMemory: Process Physical Memory: 1218.75 MB used, 1254.71 MB peak
[2017.02.01-15.42.01:902][ 39]LogMemory: Process Virtual Memory: 1962.96 MB used, 2052.79 MB peak
[2017.02.01-15.42.01:902][ 39]LogMemory: Physical Memory: 5087.90 MB used, 8065.90 MB total
[2017.02.01-15.42.01:902][ 39]LogMemory: Virtual Memory: 2825.39 MB used, 134217728.00 MB total
[2017.02.01-15.42.01:902][ 39]LogMemory: 
[2017.02.01-15.42.01:902][ 39]Allocator Stats for TBB: (not implemented)
[2017.02.01-15.42.02:338][ 39]LogAIModule: Creating AISystem for world Lobby
[2017.02.01-15.42.02:349][ 39]LogWorld: Bringing World /Game/Maps/UEDPIE_2_Lobby.Lobby up for play (max tick rate 0) at 2017.02.01-10.42.02
[2017.02.01-15.42.02:349][ 39]LogWorld: Bringing up level for play took: 0.008436
[2017.02.01-15.42.02:350][ 39]LogLoad: Took 0.738680 seconds to LoadMap(/Game/Maps/UEDPIE_1_Lobby)
[2017.02.01-15.42.02:380][ 40]LogNet: Client netspeed is 10000
[2017.02.01-15.42.02:380][ 40]LogNet: Join request: /Game/Maps/MainMenu?Name=LAPTOP-I3LNLKIF-12D0EAEE4EBC2C3FF7CC2985284E43A9?SplitscreenCount=1
[2017.02.01-15.42.02:391][ 40]LogNet: Join succeeded: LAPTOP-I3LNLKIF-12D0
[2017.02.01-15.42.07:607][145]LogRenderer: Reallocating scene render targets to support 1536x800 (Frame:1388).
[2017.02.01-15.42.11:542][226]LogNet: Browse: /Game/Maps/MainMenu
[2017.02.01-15.42.11:587][226]LogLoad: LoadMap: /Game/Maps/MainMenu
[2017.02.01-15.42.11:587][226]LogNet: World NetDriver shutdown IpNetDriver_3 [GameNetDriver]
[2017.02.01-15.42.11:587][226]LogNet: DestroyNamedNetDriver IpNetDriver_3 [GameNetDriver]
[2017.02.01-15.42.11:588][226]LogNet: UNetConnection::Close: [UNetConnection] RemoteAddr: 10.114.182.69:7777, Name: IpConnection_2, Driver: GameNetDriver IpNetDriver_3, IsServer: NO, PC: LobbyPC_C_0, Owner: LobbyPC_C_0, Channels: 10, Time: 2017.02.01-15.42.11
[2017.02.01-15.42.11:588][226]LogNet: UChannel::Close: Sending CloseBunch. ChIndex == 0. Name: [UChannel] ChIndex: 0, Closing: 0 [UNetConnection] RemoteAddr: 10.114.182.69:7777, Name: IpConnection_2, Driver: GameNetDriver IpNetDriver_3, IsServer: NO, PC: LobbyPC_C_0, Owner: LobbyPC_C_0
[2017.02.01-15.42.11:588][226]LogExit: GameNetDriver IpNetDriver_3 shut down
[2017.02.01-15.42.11:589][226]LogOnline:Warning: NULL: Can't destroy a null online session (Game)
[2017.02.01-15.42.11:652][226]Cmd: MEM
[2017.02.01-15.42.11:720][226]LogMemory: Platform Memory Stats for Windows
[2017.02.01-15.42.11:720][226]LogMemory: Process Physical Memory: 1229.81 MB used, 1254.71 MB peak
[2017.02.01-15.42.11:720][226]LogMemory: Process Virtual Memory: 1981.64 MB used, 2227.64 MB peak
[2017.02.01-15.42.11:720][226]LogMemory: Physical Memory: 5116.77 MB used, 8065.90 MB total
[2017.02.01-15.42.11:720][226]LogMemory: Virtual Memory: 2860.76 MB used, 134217728.00 MB total
[2017.02.01-15.42.11:720][226]LogMemory: 
[2017.02.01-15.42.11:720][226]Allocator Stats for TBB: (not implemented)
[2017.02.01-15.42.11:720][226]LogPlayLevel: Creating play world package: /Game/Maps/UEDPIE_2_MainMenu
[2017.02.01-15.42.11:721][226]LogPlayLevel: PIE: StaticDuplicateObject took: (0.001301s)
[2017.02.01-15.42.11:722][226]LogAIModule: Creating AISystem for world MainMenu
[2017.02.01-15.42.11:722][226]LogPlayLevel: PIE: World Init took: (0.000738s)
[2017.02.01-15.42.11:722][226]LogPlayLevel: PIE: Created PIE world by copying editor world from /Game/Maps/MainMenu.MainMenu to /Game/Maps/UEDPIE_2_MainMenu.MainMenu (0.002352s)
[2017.02.01-15.42.11:722][226]LogWorld: Game class is 'ThirdPersonGameMode_C'
[2017.02.01-15.42.11:725][226]LogWorld: Bringing World /Game/Maps/UEDPIE_2_MainMenu.MainMenu up for play (max tick rate 0) at 2017.02.01-10.42.11
[2017.02.01-15.42.11:726][226]LogWorld: Bringing up level for play took: 0.002412
[2017.02.01-15.42.11:728][226]LogGameMode: Warning - PATHS NOT DEFINED or NO PLAYERSTART with positive rating
[2017.02.01-15.42.11:731][226]LogLoad: Took 0.143657 seconds to LoadMap(/Game/Maps/UEDPIE_2_MainMenu)
[2017.02.01-15.42.11:754][227]LogNet: UChannel::ReceivedSequencedBunch: Bunch.bClose == true. ChIndex == 0. Calling ConditionalCleanUp.
[2017.02.01-15.42.11:755][227]LogNet: UChannel::CleanUp: ChIndex == 0. Closing connection. [UChannel] ChIndex: 0, Closing: 0 [UNetConnection] RemoteAddr: 10.114.182.69:49539, Name: IpConnection_3, Driver: GameNetDriver IpNetDriver_2, IsServer: YES, PC: LobbyPC_C_1, Owner: LobbyPC_C_1
[2017.02.01-15.42.11:755][227]LogNet: UNetConnection::Close: [UNetConnection] RemoteAddr: 10.114.182.69:49539, Name: IpConnection_3, Driver: GameNetDriver IpNetDriver_2, IsServer: YES, PC: LobbyPC_C_1, Owner: LobbyPC_C_1, Channels: 10, Time: 2017.02.01-15.42.11
[2017.02.01-15.42.11:755][227]LogNet: UChannel::Close: Sending CloseBunch. ChIndex == 0. Name: [UChannel] ChIndex: 0, Closing: 0 [UNetConnection] RemoteAddr: 10.114.182.69:49539, Name: IpConnection_3, Driver: GameNetDriver IpNetDriver_2, IsServer: YES, PC: LobbyPC_C_1, Owner: LobbyPC_C_1
[2017.02.01-15.42.11:756][227]LogScriptCore:Warning: DestroySession - Invalid player state

[2017.02.01-15.42.14:819][275]LogBlueprintUserMessages: Early EndPlayMap Detection: Level '/Game/Maps/MainMenu.MainMenu:PersistentLevel' has LevelScriptBlueprint '/Game/Maps/MainMenu.MainMenu:PersistentLevel.MainMenu' with GeneratedClass '/Game/Maps/MainMenu.MainMenu_C' with ClassGeneratedBy '/Game/Maps/MainMenu.MainMenu:PersistentLevel.MainMenu'
[2017.02.01-15.42.14:903][275]LogOnline:Display: NULL: FOnlineSubsystemNull::Shutdown()
[2017.02.01-15.42.14:905][275]LogSpawn:Warning: SpawnActor failed because we are in the process of tearing down the world
[2017.02.01-15.42.14:905][275]LogScriptCore:Warning: DestroySession - Invalid player state

[2017.02.01-15.42.14:997][275]LogOnline:Display: NULL: FOnlineSubsystemNull::Shutdown()
[2017.02.01-15.42.14:999][275]LogPlayLevel:Display: Shutting down PIE online subsystems
[2017.02.01-15.42.15:000][275]LogBlueprintUserMessages: Late EndPlayMap Detection: Level '/Game/Maps/MainMenu.MainMenu:PersistentLevel' has LevelScriptBlueprint '/Game/Maps/MainMenu.MainMenu:PersistentLevel.MainMenu' with GeneratedClass '/Game/Maps/MainMenu.MainMenu_C' with ClassGeneratedBy '/Game/Maps/MainMenu.MainMenu:PersistentLevel.MainMenu'
[2017.02.01-15.42.15:084][275]LogExit: GameNetDriver None shut down
[2017.02.01-15.42.15:106][276]LogPlayLevel:Display: Destroying online subsystem :Context_8
[2017.02.01-15.42.15:107][276]LogOnline:Display: NULL: FOnlineSubsystemNull::Shutdown()
[2017.02.01-15.42.15:107][276]LogPlayLevel:Display: Destroying online subsystem :Context_7
[2017.02.01-15.42.15:107][276]LogOnline:Display: NULL: FOnlineSubsystemNull::Shutdown()
[2017.02.01-15.43.41:456][224]BlueprintLog: New page: Compile PlayerButton
[2017.02.01-15.43.41:700][224]BlueprintEditorCompileResults: Info [0661.50] Compile of PlayerButton successful! [in 244 ms] (/Game/UI/Lobby/PlayerButton.PlayerButton)
[2017.02.01-15.43.42:144][256]Cmd: OBJ SAVEPACKAGE PACKAGE="/Game/UI/Lobby/PlayerButton" FILE="../../../../../../Users/aronr/Desktop/MPProject/Content/UI/Lobby/PlayerButton.uasset" SILENT=true
[2017.02.01-15.43.42:203][256]LogSavePackage: Save=37.60ms
[2017.02.01-15.43.42:203][256]LogSavePackage: Moving '../../../../../../Users/aronr/Desktop/MPProject/Saved/PlayerButton1CF9E2674C03B84D59826298C62AE1A3.tmp' to '../../../../../../Users/aronr/Desktop/MPProject/Content/UI/Lobby/PlayerButton.uasset'
[2017.02.01-15.43.42:206][256]LogSavePackage:Display: Finished SavePackage ../../../../../../Users/aronr/Desktop/MPProject/Content/UI/Lobby/PlayerButton.uasset
[2017.02.01-15.44.38:303][322]LogBlueprintUserMessages: Early PlayInEditor Detection: Level '/Game/Maps/MainMenu.MainMenu:PersistentLevel' has LevelScriptBlueprint '/Game/Maps/MainMenu.MainMenu:PersistentLevel.MainMenu' with GeneratedClass '/Game/Maps/MainMenu.MainMenu_C' with ClassGeneratedBy '/Game/Maps/MainMenu.MainMenu:PersistentLevel.MainMenu'
[2017.02.01-15.44.38:303][322]LogPlayLevel: PlayLevel: No blueprints needed recompiling
[2017.02.01-15.44.38:305][322]PIE: New page: PIE session: MainMenu (Feb 1, 2017, 5:44:38 AM)
[2017.02.01-15.44.38:305][322]LogPlayLevel: Creating play world package: /Game/Maps/UEDPIE_1_MainMenu
[2017.02.01-15.44.38:307][322]LogPlayLevel: PIE: StaticDuplicateObject took: (0.001347s)
[2017.02.01-15.44.38:308][322]LogAIModule: Creating AISystem for world MainMenu
[2017.02.01-15.44.38:308][322]LogPlayLevel: PIE: World Init took: (0.000882s)
[2017.02.01-15.44.38:308][322]LogPlayLevel: PIE: Created PIE world by copying editor world from /Game/Maps/MainMenu.MainMenu to /Game/Maps/UEDPIE_1_MainMenu.MainMenu (0.002551s)
[2017.02.01-15.44.38:371][322]LogInit: XAudio2 using 'Speakers (Realtek High Definition Audio)' : 2 channels at 48 kHz using 32 bits per sample (channel mask 0x3)
[2017.02.01-15.44.38:383][322]LogInit: FAudioDevice initialized.
[2017.02.01-15.44.38:430][322]LogWorld: Game class is 'ThirdPersonGameMode_C'
[2017.02.01-15.44.38:436][322]LogWorld: Bringing World /Game/Maps/UEDPIE_1_MainMenu.MainMenu up for play (max tick rate 0) at 2017.02.01-10.44.38
[2017.02.01-15.44.38:436][322]LogWorld: Bringing up level for play took: 0.003518
[2017.02.01-15.44.38:449][322]LogVoice:Warning: Failed to initialize voice interface
[2017.02.01-15.44.38:451][322]LogGameMode: Warning - PATHS NOT DEFINED or NO PLAYERSTART with positive rating
[2017.02.01-15.44.38:453][322]LogInit: WinSock: Socket queue 131072 / 131072
[2017.02.01-15.44.38:453][322]PacketHandlerLog: Loaded PacketHandler component: Engine.EngineHandlerComponentFactory (StatelessConnectHandlerComponent)
[2017.02.01-15.44.38:453][322]LogNet: GameNetDriver IpNetDriver_4 IpNetDriver listening on port 7777
[2017.02.01-15.44.38:537][322]PIE: Info Play in editor start time for /Game/Maps/UEDPIE_1_MainMenu -0.514
[2017.02.01-15.44.38:539][322]PIE: New page: PIE session: MainMenu (Feb 1, 2017, 5:44:38 AM)
[2017.02.01-15.44.38:593][322]LogNet: Browse: 127.0.0.1//Game/Maps/MainMenu
[2017.02.01-15.44.38:593][322]LogInit: WinSock: Socket queue 32768 / 32768
[2017.02.01-15.44.38:595][322]PacketHandlerLog: Loaded PacketHandler component: Engine.EngineHandlerComponentFactory (StatelessConnectHandlerComponent)
[2017.02.01-15.44.38:596][322]LogNet: Game client on port 7777, rate 10000
[2017.02.01-15.44.38:596][322]LogNet: GetLocalNetworkVersion: GEngineNetVersion: 3039270, ProjectName: mpproject, ProjectVersion: 1.0.0.0, InternalProtocolVersion: 9, LocalNetworkVersion: 2484769150
[2017.02.01-15.44.38:706][322]PIE: Info Play in editor start time for /Game/Maps/MainMenu -0.345
[2017.02.01-15.44.38:837][322]LogBlueprintUserMessages: Late PlayInEditor Detection: Level '/Game/Maps/MainMenu.MainMenu:PersistentLevel' has LevelScriptBlueprint '/Game/Maps/MainMenu.MainMenu:PersistentLevel.MainMenu' with GeneratedClass '/Game/Maps/MainMenu.MainMenu_C' with ClassGeneratedBy '/Game/Maps/MainMenu.MainMenu:PersistentLevel.MainMenu'
[2017.02.01-15.44.38:837][322]LogNet: NotifyAcceptingConnection: Server MainMenu accept
[2017.02.01-15.44.38:837][322]LogHandshake: SendConnectChallenge. Timestamp: 0.065746, Cookie: 058093231246129244090157198097220035012120109130080057011001
[2017.02.01-15.44.38:837][322]LogNet: NotifyAcceptingConnection: Server MainMenu accept
[2017.02.01-15.44.38:838][322]LogHandshake: SendChallengeResponse. Timestamp: 0.065746, Cookie: 058093231246129244090157198097220035012120109130080057011001
[2017.02.01-15.44.38:935][323]LogNet: NotifyAcceptingConnection: Server MainMenu accept
[2017.02.01-15.44.38:935][323]LogNet: Server accepting post-challenge connection from: 127.0.0.1:62230
[2017.02.01-15.44.38:935][323]PacketHandlerLog: Loaded PacketHandler component: Engine.EngineHandlerComponentFactory (StatelessConnectHandlerComponent)
[2017.02.01-15.44.38:935][323]LogNet: NotifyAcceptedConnection: Name: MainMenu, TimeStamp: 02/01/17 10:44:38, [UNetConnection] RemoteAddr: 127.0.0.1:62230, Name: IpConnection_5, Driver: GameNetDriver IpNetDriver_4, IsServer: YES, PC: NULL, Owner: NULL
[2017.02.01-15.44.38:935][323]LogNet: AddClientConnection: Added client connection: [UNetConnection] RemoteAddr: 127.0.0.1:62230, Name: IpConnection_5, Driver: GameNetDriver IpNetDriver_4, IsServer: YES, PC: NULL, Owner: NULL
[2017.02.01-15.44.39:102][325]LogNet: NotifyAcceptingChannel Control 0 server World /Game/Maps/UEDPIE_1_MainMenu.MainMenu: Accepted
[2017.02.01-15.44.39:102][325]LogNet: Remote platform little endian=1
[2017.02.01-15.44.39:102][325]LogNet: This platform little endian=1
[2017.02.01-15.44.39:102][325]LogNet: GetLocalNetworkVersion: GEngineNetVersion: 3039270, ProjectName: mpproject, ProjectVersion: 1.0.0.0, InternalProtocolVersion: 9, LocalNetworkVersion: 2484769150
[2017.02.01-15.44.39:115][325]LogVoice:Warning: Failed to initialize voice interface
[2017.02.01-15.44.39:202][326]LogNet: Login request: /Game/Maps/MainMenu?Name=LAPTOP-I3LNLKIF-4D9DF70B4975E945A695029BF109082E userId: LAPTOP-I3LNLKIF-4D9DF70B4975E945A695029BF109082E
[2017.02.01-15.44.39:203][326]LogNet: Welcomed by server (Level: /Game/Maps/UEDPIE_1_MainMenu, Game: /Game/ThirdPersonBP/Blueprints/ThirdPersonGameMode.ThirdPersonGameMode_C)
[2017.02.01-15.44.39:320][326]LogLoad: LoadMap: 127.0.0.1//Game/Maps/UEDPIE_1_MainMenu?game=/Game/ThirdPersonBP/Blueprints/ThirdPersonGameMode.ThirdPersonGameMode_C
[2017.02.01-15.44.39:416][326]Cmd: MEM
[2017.02.01-15.44.39:490][326]LogMemory: Platform Memory Stats for Windows
[2017.02.01-15.44.39:490][326]LogMemory: Process Physical Memory: 1033.80 MB used, 1254.71 MB peak
[2017.02.01-15.44.39:490][326]LogMemory: Process Virtual Memory: 2043.12 MB used, 2227.64 MB peak
[2017.02.01-15.44.39:490][326]LogMemory: Physical Memory: 4902.01 MB used, 8065.90 MB total
[2017.02.01-15.44.39:490][326]LogMemory: Virtual Memory: 2876.57 MB used, 134217728.00 MB total
[2017.02.01-15.44.39:490][326]LogMemory: 
[2017.02.01-15.44.39:490][326]Allocator Stats for TBB: (not implemented)
[2017.02.01-15.44.39:491][326]LogWorld: PIE: Copying PIE streaming level from /Game/Maps/MainMenu.MainMenu to /Game/Maps/UEDPIE_2_MainMenu.MainMenu. OwningWorld: None
[2017.02.01-15.44.39:492][326]LogAIModule: Creating AISystem for world MainMenu
[2017.02.01-15.44.39:501][326]LogWorld: Bringing World /Game/Maps/UEDPIE_2_MainMenu.MainMenu up for play (max tick rate 0) at 2017.02.01-10.44.39
[2017.02.01-15.44.39:501][326]LogWorld: Bringing up level for play took: 0.008942
[2017.02.01-15.44.39:502][326]LogLoad: Took 0.181960 seconds to LoadMap(/Game/Maps/UEDPIE_1_MainMenu)
[2017.02.01-15.44.39:522][327]LogNet: Client netspeed is 10000
[2017.02.01-15.44.39:522][327]LogNet: Join request: /Game/Maps/MainMenu?Name=LAPTOP-I3LNLKIF-4D9DF70B4975E945A695029BF109082E?SplitscreenCount=1
[2017.02.01-15.44.39:523][327]LogOnline:Warning: NULL: No game present to join for session (Game)
[2017.02.01-15.44.39:523][327]LogGameMode: Warning - PATHS NOT DEFINED or NO PLAYERSTART with positive rating
[2017.02.01-15.44.39:532][327]LogNet: Join succeeded: LAPTOP-I3LNLKIF-4D9D
[2017.02.01-15.44.39:533][327]LogCharacterMovement:Warning: GetSimulationTimeStep() - Max iterations 8 hit while remaining time 0.703616 > MaxSimulationTimeStep (0.050) for 'ThirdPersonCharacter_C_1', movement 'Falling'
[2017.02.01-15.44.39:606][328]LogOnline:Warning: NULL: No game present to join for session (Game)
[2017.02.01-15.44.39:606][328]LogOnline:Warning: NULL: No game present to join for session (Game)
[2017.02.01-15.44.43:641][369]LogNet: Browse: /Game/Maps/Lobby?Listen
[2017.02.01-15.44.43:736][369]LogLoad: LoadMap: /Game/Maps/Lobby?Listen
[2017.02.01-15.44.43:736][369]LogNet: World NetDriver shutdown IpNetDriver_4 [GameNetDriver]
[2017.02.01-15.44.43:736][369]LogNet: DestroyNamedNetDriver IpNetDriver_4 [GameNetDriver]
[2017.02.01-15.44.43:736][369]LogNet: UNetConnection::Cleanup: Closing open connection. [UNetConnection] RemoteAddr: 127.0.0.1:62230, Name: IpConnection_5, Driver: GameNetDriver IpNetDriver_4, IsServer: YES, PC: PlayerController_1, Owner: PlayerController_1
[2017.02.01-15.44.43:736][369]LogNet: UNetConnection::Close: [UNetConnection] RemoteAddr: 127.0.0.1:62230, Name: IpConnection_5, Driver: GameNetDriver IpNetDriver_4, IsServer: YES, PC: PlayerController_1, Owner: PlayerController_1, Channels: 11, Time: 2017.02.01-15.44.43
[2017.02.01-15.44.43:736][369]LogNet: UChannel::Close: Sending CloseBunch. ChIndex == 0. Name: [UChannel] ChIndex: 0, Closing: 0 [UNetConnection] RemoteAddr: 127.0.0.1:62230, Name: IpConnection_5, Driver: GameNetDriver IpNetDriver_4, IsServer: YES, PC: PlayerController_1, Owner: PlayerController_1
[2017.02.01-15.44.43:737][369]LogExit: GameNetDriver IpNetDriver_4 shut down
[2017.02.01-15.44.43:808][369]Cmd: MEM
[2017.02.01-15.44.43:884][369]LogMemory: Platform Memory Stats for Windows
[2017.02.01-15.44.43:884][369]LogMemory: Process Physical Memory: 1066.00 MB used, 1254.71 MB peak
[2017.02.01-15.44.43:884][369]LogMemory: Process Virtual Memory: 2071.12 MB used, 2227.64 MB peak
[2017.02.01-15.44.43:884][369]LogMemory: Physical Memory: 4927.06 MB used, 8065.90 MB total
[2017.02.01-15.44.43:884][369]LogMemory: Virtual Memory: 2892.57 MB used, 134217728.00 MB total
[2017.02.01-15.44.43:884][369]LogMemory: 
[2017.02.01-15.44.43:884][369]Allocator Stats for TBB: (not implemented)
[2017.02.01-15.44.43:940][369]LogAIModule: Creating AISystem for world Lobby
[2017.02.01-15.44.43:941][369]LogWorld: Game class is 'LobbyGM_C'
[2017.02.01-15.44.43:942][369]LogInit: WinSock: Socket queue 131072 / 131072
[2017.02.01-15.44.43:943][369]PacketHandlerLog: Loaded PacketHandler component: Engine.EngineHandlerComponentFactory (StatelessConnectHandlerComponent)
[2017.02.01-15.44.43:943][369]LogNet: GameNetDriver IpNetDriver_6 IpNetDriver listening on port 7777
[2017.02.01-15.44.43:951][369]LogWorld: Bringing World /Game/Maps/UEDPIE_1_Lobby.Lobby up for play (max tick rate 0) at 2017.02.01-10.44.43
[2017.02.01-15.44.43:951][369]LogWorld: Bringing up level for play took: 0.007166
[2017.02.01-15.44.43:958][369]LogOnline:Warning: NULL: Can't start an online session (Game) in state InProgress
[2017.02.01-15.44.43:958][369]LogLoad: Took 0.222888 seconds to LoadMap(/Game/Maps/Lobby)
[2017.02.01-15.44.43:960][369]LogNet:Warning: Network Failure: GameNetDriver[FailureReceived]: Host closed the connection.
[2017.02.01-15.44.43:960][369]LogNet:Warning: Network Failure: GameNetDriver[FailureReceived]: Host closed the connection.
[2017.02.01-15.44.43:960][369]LogNet: NetworkFailure: FailureReceived, Error: 'Host closed the connection.'
[2017.02.01-15.44.43:960][369]LogNet: UNetConnection::Close: [UNetConnection] RemoteAddr: 127.0.0.1:7777, Name: IpConnection_4, Driver: GameNetDriver IpNetDriver_5, IsServer: NO, PC: PlayerController_1, Owner: PlayerController_1, Channels: 11, Time: 2017.02.01-15.44.43
[2017.02.01-15.44.43:960][369]LogNet: UChannel::Close: Sending CloseBunch. ChIndex == 0. Name: [UChannel] ChIndex: 0, Closing: 0 [UNetConnection] RemoteAddr: 127.0.0.1:7777, Name: IpConnection_4, Driver: GameNetDriver IpNetDriver_5, IsServer: NO, PC: PlayerController_1, Owner: PlayerController_1
[2017.02.01-15.44.43:961][369]LogNet:Warning: Network Failure: GameNetDriver[ConnectionLost]: Your connection to the host has been lost.
[2017.02.01-15.44.43:961][369]LogNet:Warning: Network Failure: GameNetDriver[ConnectionLost]: Your connection to the host has been lost.
[2017.02.01-15.44.43:961][369]LogNet: NetworkFailure: ConnectionLost, Error: 'Your connection to the host has been lost.'
[2017.02.01-15.44.44:007][370]LogNet: NotifyAcceptingConnection: Server Lobby accept
[2017.02.01-15.44.44:007][370]LogNet: NotifyAcceptingConnection: Server Lobby accept
[2017.02.01-15.44.44:008][370]LogNet: Browse: /Game/Maps/MainMenu?closed
[2017.02.01-15.44.44:008][370]LogNet: Failed; returning to Entry
[2017.02.01-15.44.44:067][370]LogLoad: LoadMap: /Game/Maps/MainMenu?closed
[2017.02.01-15.44.44:067][370]LogNet: World NetDriver shutdown IpNetDriver_5 [GameNetDriver]
[2017.02.01-15.44.44:067][370]LogNet: DestroyNamedNetDriver IpNetDriver_5 [GameNetDriver]
[2017.02.01-15.44.44:067][370]LogExit: GameNetDriver IpNetDriver_5 shut down
[2017.02.01-15.44.44:149][370]Cmd: MEM
[2017.02.01-15.44.44:222][370]LogMemory: Platform Memory Stats for Windows
[2017.02.01-15.44.44:223][370]LogMemory: Process Physical Memory: 1087.71 MB used, 1254.71 MB peak
[2017.02.01-15.44.44:223][370]LogMemory: Process Virtual Memory: 2145.74 MB used, 2227.64 MB peak
[2017.02.01-15.44.44:223][370]LogMemory: Physical Memory: 4956.48 MB used, 8065.90 MB total
[2017.02.01-15.44.44:223][370]LogMemory: Virtual Memory: 2928.70 MB used, 134217728.00 MB total
[2017.02.01-15.44.44:223][370]LogMemory: 
[2017.02.01-15.44.44:223][370]Allocator Stats for TBB: (not implemented)
[2017.02.01-15.44.44:223][370]LogPlayLevel: Creating play world package: /Game/Maps/UEDPIE_2_MainMenu
[2017.02.01-15.44.44:224][370]LogPlayLevel: PIE: StaticDuplicateObject took: (0.000936s)
[2017.02.01-15.44.44:224][370]LogAIModule: Creating AISystem for world MainMenu
[2017.02.01-15.44.44:224][370]LogPlayLevel: PIE: World Init took: (0.000650s)
[2017.02.01-15.44.44:224][370]LogPlayLevel: PIE: Created PIE world by copying editor world from /Game/Maps/MainMenu.MainMenu to /Game/Maps/UEDPIE_2_MainMenu.MainMenu (0.001792s)
[2017.02.01-15.44.44:224][370]LogWorld: Game class is 'ThirdPersonGameMode_C'
[2017.02.01-15.44.44:229][370]LogWorld: Bringing World /Game/Maps/UEDPIE_2_MainMenu.MainMenu up for play (max tick rate 0) at 2017.02.01-10.44.44
[2017.02.01-15.44.44:231][370]LogWorld: Bringing up level for play took: 0.005763
[2017.02.01-15.44.44:234][370]LogGameMode: Warning - PATHS NOT DEFINED or NO PLAYERSTART with positive rating
[2017.02.01-15.44.44:239][370]LogLoad: Took 0.171368 seconds to LoadMap(/Game/Maps/UEDPIE_2_MainMenu)
[2017.02.01-15.44.53:882][468]LogNet: Browse: 10.114.182.69//Game/Maps/MainMenu
[2017.02.01-15.44.53:882][468]LogInit: WinSock: Socket queue 32768 / 32768
[2017.02.01-15.44.53:883][468]PacketHandlerLog: Loaded PacketHandler component: Engine.EngineHandlerComponentFactory (StatelessConnectHandlerComponent)
[2017.02.01-15.44.53:883][468]LogNet: Game client on port 7777, rate 10000
[2017.02.01-15.44.53:883][468]LogNet: GetLocalNetworkVersion: GEngineNetVersion: 3039270, ProjectName: mpproject, ProjectVersion: 1.0.0.0, InternalProtocolVersion: 9, LocalNetworkVersion: 2484769150
[2017.02.01-15.44.53:978][469]LogNet: NotifyAcceptingConnection: Server Lobby accept
[2017.02.01-15.44.53:978][469]LogHandshake: SendConnectChallenge. Timestamp: 10.439507, Cookie: 253026031218008227246033127076199000179081160211226031082249
[2017.02.01-15.44.53:979][469]LogNet: NotifyAcceptingConnection: Server Lobby accept
[2017.02.01-15.44.53:979][469]LogHandshake: SendChallengeResponse. Timestamp: 10.439507, Cookie: 253026031218008227246033127076199000179081160211226031082249
[2017.02.01-15.44.54:079][470]LogNet: NotifyAcceptingConnection: Server Lobby accept
[2017.02.01-15.44.54:079][470]LogNet: Server accepting post-challenge connection from: 10.114.182.69:62233
[2017.02.01-15.44.54:079][470]PacketHandlerLog: Loaded PacketHandler component: Engine.EngineHandlerComponentFactory (StatelessConnectHandlerComponent)
[2017.02.01-15.44.54:079][470]LogNet: NotifyAcceptedConnection: Name: Lobby, TimeStamp: 02/01/17 10:44:54, [UNetConnection] RemoteAddr: 10.114.182.69:62233, Name: IpConnection_7, Driver: GameNetDriver IpNetDriver_6, IsServer: YES, PC: NULL, Owner: NULL
[2017.02.01-15.44.54:079][470]LogNet: AddClientConnection: Added client connection: [UNetConnection] RemoteAddr: 10.114.182.69:62233, Name: IpConnection_7, Driver: GameNetDriver IpNetDriver_6, IsServer: YES, PC: NULL, Owner: NULL
[2017.02.01-15.44.54:373][473]LogNet: NotifyAcceptingChannel Control 0 server World /Game/Maps/UEDPIE_1_Lobby.Lobby: Accepted
[2017.02.01-15.44.54:373][473]LogNet: Remote platform little endian=1
[2017.02.01-15.44.54:373][473]LogNet: This platform little endian=1
[2017.02.01-15.44.54:373][473]LogNet: GetLocalNetworkVersion: GEngineNetVersion: 3039270, ProjectName: mpproject, ProjectVersion: 1.0.0.0, InternalProtocolVersion: 9, LocalNetworkVersion: 2484769150
[2017.02.01-15.44.54:471][474]LogNet: Login request: /Game/Maps/MainMenu?Name=LAPTOP-I3LNLKIF-4D9DF70B4975E945A695029BF109082E userId: LAPTOP-I3LNLKIF-4D9DF70B4975E945A695029BF109082E
[2017.02.01-15.44.54:473][474]LogNet: Welcomed by server (Level: /Game/Maps/UEDPIE_1_Lobby, Game: /Game/Blueprints/Lobby/LobbyGM.LobbyGM_C)
[2017.02.01-15.44.54:569][474]LogLoad: LoadMap: 10.114.182.69//Game/Maps/UEDPIE_1_Lobby?game=/Game/Blueprints/Lobby/LobbyGM.LobbyGM_C
[2017.02.01-15.44.54:662][474]Cmd: MEM
[2017.02.01-15.44.54:733][474]LogMemory: Platform Memory Stats for Windows
[2017.02.01-15.44.54:733][474]LogMemory: Process Physical Memory: 1092.74 MB used, 1254.71 MB peak
[2017.02.01-15.44.54:733][474]LogMemory: Process Virtual Memory: 2069.13 MB used, 2227.64 MB peak
[2017.02.01-15.44.54:733][474]LogMemory: Physical Memory: 4944.89 MB used, 8065.90 MB total
[2017.02.01-15.44.54:733][474]LogMemory: Virtual Memory: 2912.70 MB used, 134217728.00 MB total
[2017.02.01-15.44.54:733][474]LogMemory: 
[2017.02.01-15.44.54:733][474]Allocator Stats for TBB: (not implemented)
[2017.02.01-15.44.55:003][474]LogAIModule: Creating AISystem for world Lobby
[2017.02.01-15.44.55:017][474]LogWorld: Bringing World /Game/Maps/UEDPIE_2_Lobby.Lobby up for play (max tick rate 0) at 2017.02.01-10.44.55
[2017.02.01-15.44.55:017][474]LogWorld: Bringing up level for play took: 0.012963
[2017.02.01-15.44.55:018][474]LogLoad: Took 0.448765 seconds to LoadMap(/Game/Maps/UEDPIE_1_Lobby)
[2017.02.01-15.44.55:040][475]LogNet: Client netspeed is 10000
[2017.02.01-15.44.55:040][475]LogNet: Join request: /Game/Maps/MainMenu?Name=LAPTOP-I3LNLKIF-4D9DF70B4975E945A695029BF109082E?SplitscreenCount=1
[2017.02.01-15.44.55:055][475]LogNet: Join succeeded: LAPTOP-I3LNLKIF-4D9D
[2017.02.01-15.45.12:000][647]LogNet: Browse: /Game/Maps/MainMenu
[2017.02.01-15.45.12:096][647]LogLoad: LoadMap: /Game/Maps/MainMenu
[2017.02.01-15.45.12:096][647]LogNet: World NetDriver shutdown IpNetDriver_7 [GameNetDriver]
[2017.02.01-15.45.12:096][647]LogNet: DestroyNamedNetDriver IpNetDriver_7 [GameNetDriver]
[2017.02.01-15.45.12:096][647]LogNet: UNetConnection::Close: [UNetConnection] RemoteAddr: 10.114.182.69:7777, Name: IpConnection_6, Driver: GameNetDriver IpNetDriver_7, IsServer: NO, PC: LobbyPC_C_0, Owner: LobbyPC_C_0, Channels: 10, Time: 2017.02.01-15.45.12
[2017.02.01-15.45.12:096][647]LogNet: UChannel::Close: Sending CloseBunch. ChIndex == 0. Name: [UChannel] ChIndex: 0, Closing: 0 [UNetConnection] RemoteAddr: 10.114.182.69:7777, Name: IpConnection_6, Driver: GameNetDriver IpNetDriver_7, IsServer: NO, PC: LobbyPC_C_0, Owner: LobbyPC_C_0
[2017.02.01-15.45.12:097][647]LogExit: GameNetDriver IpNetDriver_7 shut down
[2017.02.01-15.45.12:099][647]LogOnline:Warning: NULL: Can't destroy a null online session (Game)
[2017.02.01-15.45.12:180][647]Cmd: MEM
[2017.02.01-15.45.12:246][647]LogMemory: Platform Memory Stats for Windows
[2017.02.01-15.45.12:246][647]LogMemory: Process Physical Memory: 967.94 MB used, 1254.71 MB peak
[2017.02.01-15.45.12:246][647]LogMemory: Process Virtual Memory: 2073.81 MB used, 2227.64 MB peak
[2017.02.01-15.45.12:246][647]LogMemory: Physical Memory: 4804.05 MB used, 8065.90 MB total
[2017.02.01-15.45.12:246][647]LogMemory: Virtual Memory: 2924.70 MB used, 134217728.00 MB total
[2017.02.01-15.45.12:247][647]LogMemory: 
[2017.02.01-15.45.12:247][647]Allocator Stats for TBB: (not implemented)
[2017.02.01-15.45.12:247][647]LogPlayLevel: Creating play world package: /Game/Maps/UEDPIE_2_MainMenu
[2017.02.01-15.45.12:248][647]LogPlayLevel: PIE: StaticDuplicateObject took: (0.001688s)
[2017.02.01-15.45.12:249][647]LogAIModule: Creating AISystem for world MainMenu
[2017.02.01-15.45.12:249][647]LogPlayLevel: PIE: World Init took: (0.000838s)
[2017.02.01-15.45.12:249][647]LogPlayLevel: PIE: Created PIE world by copying editor world from /Game/Maps/MainMenu.MainMenu to /Game/Maps/UEDPIE_2_MainMenu.MainMenu (0.002851s)
[2017.02.01-15.45.12:249][647]LogWorld: Game class is 'ThirdPersonGameMode_C'
[2017.02.01-15.45.12:252][647]LogWorld: Bringing World /Game/Maps/UEDPIE_2_MainMenu.MainMenu up for play (max tick rate 0) at 2017.02.01-10.45.12
[2017.02.01-15.45.12:252][647]LogWorld: Bringing up level for play took: 0.001408
[2017.02.01-15.45.12:252][647]LogGameMode: Warning - PATHS NOT DEFINED or NO PLAYERSTART with positive rating
[2017.02.01-15.45.12:255][647]LogLoad: Took 0.159943 seconds to LoadMap(/Game/Maps/UEDPIE_2_MainMenu)
[2017.02.01-15.45.12:286][648]LogNet: UChannel::ReceivedSequencedBunch: Bunch.bClose == true. ChIndex == 0. Calling ConditionalCleanUp.
[2017.02.01-15.45.12:286][648]LogNet: UChannel::CleanUp: ChIndex == 0. Closing connection. [UChannel] ChIndex: 0, Closing: 0 [UNetConnection] RemoteAddr: 10.114.182.69:62233, Name: IpConnection_7, Driver: GameNetDriver IpNetDriver_6, IsServer: YES, PC: LobbyPC_C_1, Owner: LobbyPC_C_1
[2017.02.01-15.45.12:286][648]LogNet: UNetConnection::Close: [UNetConnection] RemoteAddr: 10.114.182.69:62233, Name: IpConnection_7, Driver: GameNetDriver IpNetDriver_6, IsServer: YES, PC: LobbyPC_C_1, Owner: LobbyPC_C_1, Channels: 10, Time: 2017.02.01-15.45.12
[2017.02.01-15.45.12:286][648]LogNet: UChannel::Close: Sending CloseBunch. ChIndex == 0. Name: [UChannel] ChIndex: 0, Closing: 0 [UNetConnection] RemoteAddr: 10.114.182.69:62233, Name: IpConnection_7, Driver: GameNetDriver IpNetDriver_6, IsServer: YES, PC: LobbyPC_C_1, Owner: LobbyPC_C_1
[2017.02.01-15.45.12:287][648]LogScriptCore:Warning: DestroySession - Invalid player state

[2017.02.01-15.45.16:890][694]LogScriptCore:Warning: DestroySession - Invalid player state

[2017.02.01-15.45.16:891][694]LogBlueprintUserMessages: Early EndPlayMap Detection: Level '/Game/Maps/MainMenu.MainMenu:PersistentLevel' has LevelScriptBlueprint '/Game/Maps/MainMenu.MainMenu:PersistentLevel.MainMenu' with GeneratedClass '/Game/Maps/MainMenu.MainMenu_C' with ClassGeneratedBy '/Game/Maps/MainMenu.MainMenu:PersistentLevel.MainMenu'
[2017.02.01-15.45.16:982][694]LogOnline:Display: NULL: FOnlineSubsystemNull::Shutdown()
[2017.02.01-15.45.17:022][694]LogOnline:Display: NULL: FOnlineSubsystemNull::Shutdown()
[2017.02.01-15.45.17:025][694]LogPlayLevel:Display: Shutting down PIE online subsystems
[2017.02.01-15.45.17:026][694]LogBlueprintUserMessages: Late EndPlayMap Detection: Level '/Game/Maps/MainMenu.MainMenu:PersistentLevel' has LevelScriptBlueprint '/Game/Maps/MainMenu.MainMenu:PersistentLevel.MainMenu' with GeneratedClass '/Game/Maps/MainMenu.MainMenu_C' with ClassGeneratedBy '/Game/Maps/MainMenu.MainMenu:PersistentLevel.MainMenu'
[2017.02.01-15.45.17:142][694]LogExit: GameNetDriver None shut down
[2017.02.01-15.45.17:170][695]LogPlayLevel:Display: Destroying online subsystem :Context_10
[2017.02.01-15.45.17:170][695]LogOnline:Display: NULL: FOnlineSubsystemNull::Shutdown()
[2017.02.01-15.45.17:170][695]LogPlayLevel:Display: Destroying online subsystem :Context_9
[2017.02.01-15.45.17:170][695]LogOnline:Display: NULL: FOnlineSubsystemNull::Shutdown()
[2017.02.01-15.46.12:523][306]BlueprintLog: New page: Compile LobbyGM
[2017.02.01-15.46.13:061][306]BlueprintEditorCompileResults: Info [0812.86] Compile of LobbyGM successful! [in 537 ms] (/Game/Blueprints/Lobby/LobbyGM.LobbyGM)
[2017.02.01-15.46.13:291][307]Cmd: OBJ SAVEPACKAGE PACKAGE="/Game/Blueprints/Lobby/LobbyGM" FILE="../../../../../../Users/aronr/Desktop/MPProject/Content/Blueprints/Lobby/LobbyGM.uasset" SILENT=true
[2017.02.01-15.46.13:476][307]LogSavePackage: Save=153.68ms
[2017.02.01-15.46.13:477][307]LogSavePackage: Moving '../../../../../../Users/aronr/Desktop/MPProject/Saved/LobbyGMB738FBEA454024A5DEA969B7B0EDACD7.tmp' to '../../../../../../Users/aronr/Desktop/MPProject/Content/Blueprints/Lobby/LobbyGM.uasset'
[2017.02.01-15.46.13:481][307]LogSavePackage:Display: Finished SavePackage ../../../../../../Users/aronr/Desktop/MPProject/Content/Blueprints/Lobby/LobbyGM.uasset
[2017.02.01-15.46.54:390][797]LogFileHelpers: Editor autosave (incl. sublevels) for '/Game/Maps/MainMenu' took 0.061
[2017.02.01-15.46.54:392][797]OBJ SavePackage: Generating thumbnails for [0] asset(s) in package [/Game/Blueprints/Lobby/LobbyGM] ([1] browsable assets)...
[2017.02.01-15.46.54:392][797]OBJ SavePackage: Finished generating thumbnails for package [/Game/Blueprints/Lobby/LobbyGM]
[2017.02.01-15.46.54:392][797]Cmd: OBJ SAVEPACKAGE PACKAGE="/Game/Blueprints/Lobby/LobbyGM" FILE="../../../../../../Users/aronr/Desktop/MPProject/Saved/Autosaves/Game/Blueprints/Lobby/LobbyGM_Auto1.uasset" SILENT=false AUTOSAVING=true
[2017.02.01-15.46.54:571][797]LogSavePackage: Save=153.94ms
[2017.02.01-15.46.54:571][797]LogSavePackage: Moving '../../../../../../Users/aronr/Desktop/MPProject/Saved/LobbyGM_Auto1B503C53F4DCD4A4E60D115BE483458BB.tmp' to '../../../../../../Users/aronr/Desktop/MPProject/Saved/Autosaves/Game/Blueprints/Lobby/LobbyGM_Auto1.uasset'
[2017.02.01-15.46.54:572][797]LogSavePackage:Display: Finished SavePackage ../../../../../../Users/aronr/Desktop/MPProject/Saved/Autosaves/Game/Blueprints/Lobby/LobbyGM_Auto1.uasset
[2017.02.01-15.46.54:573][797]LogFileHelpers: Auto-saving content packages took 0.182
[2017.02.01-15.47.39:546][387]BlueprintLog: New page: Compile LobbyGM
[2017.02.01-15.47.39:789][387]BlueprintEditorCompileResults: Info [0899.59] Compile of LobbyGM successful! [in 242 ms] (/Game/Blueprints/Lobby/LobbyGM.LobbyGM)
[2017.02.01-15.47.40:226][399]Cmd: OBJ SAVEPACKAGE PACKAGE="/Game/Blueprints/Lobby/LobbyGM" FILE="../../../../../../Users/aronr/Desktop/MPProject/Content/Blueprints/Lobby/LobbyGM.uasset" SILENT=true
[2017.02.01-15.47.40:355][399]LogSavePackage: Save=114.12ms
[2017.02.01-15.47.40:355][399]LogSavePackage: Moving '../../../../../../Users/aronr/Desktop/MPProject/Saved/LobbyGMCB649CD64D3E92733EA56CA0CE3E1258.tmp' to '../../../../../../Users/aronr/Desktop/MPProject/Content/Blueprints/Lobby/LobbyGM.uasset'
[2017.02.01-15.47.40:359][399]LogSavePackage:Display: Finished SavePackage ../../../../../../Users/aronr/Desktop/MPProject/Content/Blueprints/Lobby/LobbyGM.uasset
[2017.02.01-15.48.25:615][508]BlueprintLog: New page: Compile LobbyGM
[2017.02.01-15.48.25:945][508]BlueprintEditorCompileResults: Info [0945.74] Compile of LobbyGM successful! [in 330 ms] (/Game/Blueprints/Lobby/LobbyGM.LobbyGM)
[2017.02.01-15.48.26:677][530]Cmd: OBJ SAVEPACKAGE PACKAGE="/Game/Blueprints/Lobby/LobbyGM" FILE="../../../../../../Users/aronr/Desktop/MPProject/Content/Blueprints/Lobby/LobbyGM.uasset" SILENT=true
[2017.02.01-15.48.26:862][530]LogSavePackage: Save=168.41ms
[2017.02.01-15.48.26:863][530]LogSavePackage: Moving '../../../../../../Users/aronr/Desktop/MPProject/Saved/LobbyGM577AAD81481593D1BF2D1CA78592E71E.tmp' to '../../../../../../Users/aronr/Desktop/MPProject/Content/Blueprints/Lobby/LobbyGM.uasset'
[2017.02.01-15.48.26:867][530]LogSavePackage:Display: Finished SavePackage ../../../../../../Users/aronr/Desktop/MPProject/Content/Blueprints/Lobby/LobbyGM.uasset
[2017.02.01-15.50.15:363][568]BlueprintLog: New page: Compile LobbyPC
[2017.02.01-15.50.15:773][568]BlueprintEditorCompileResults: Info [1055.57] Compile of LobbyPC successful! [in 409 ms] (/Game/Blueprints/Lobby/LobbyPC.LobbyPC)
[2017.02.01-15.50.16:180][582]Cmd: OBJ SAVEPACKAGE PACKAGE="/Game/Blueprints/Lobby/LobbyPC" FILE="../../../../../../Users/aronr/Desktop/MPProject/Content/Blueprints/Lobby/LobbyPC.uasset" SILENT=true
[2017.02.01-15.50.16:311][582]LogSavePackage: Save=108.33ms
[2017.02.01-15.50.16:311][582]LogSavePackage: Moving '../../../../../../Users/aronr/Desktop/MPProject/Saved/LobbyPC53EA3B664A6E1482A1598F87FF3BB566.tmp' to '../../../../../../Users/aronr/Desktop/MPProject/Content/Blueprints/Lobby/LobbyPC.uasset'
[2017.02.01-15.50.16:315][582]LogSavePackage:Display: Finished SavePackage ../../../../../../Users/aronr/Desktop/MPProject/Content/Blueprints/Lobby/LobbyPC.uasset
[2017.02.01-15.50.31:969][  0]LogStats: FPlatformStackWalk::StackWalkAndDump -  0.021 s
[2017.02.01-15.50.31:969][  0]LogOutputDevice:Warning: === Handled error: ===

Ensure condition failed: TabBeingDraggedPtr.IsValid() [File:D:\Build\++UE4+Release-4.12+Compile\Sync\Engine\Source\Runtime\Slate\Private\Framework\Docking\SDockingTabWell.cpp] [Line: 374]

Stack: 
UE4Editor-Core.dll
UE4Editor-Core.dll
UE4Editor-Core.dll
UE4Editor-Slate.dll
UE4Editor-Slate.dll
UE4Editor-Slate.dll
UE4Editor-Slate.dll
UE4Editor-Slate.dll
UE4Editor-Slate.dll
UE4Editor-Core.dll
UE4Editor-Core.dll
UE4Editor-Core.dll
UE4Editor-Core.dll
USER32.dll
USER32.dll
UE4Editor-Core.dll
UE4Editor.exe
UE4Editor.exe
UE4Editor.exe
UE4Editor.exe
UE4Editor.exe
KERNEL32.DLL
ntdll.dll
ntdll.dll

[2017.02.01-15.50.31:969][  0]LogStats:                SubmitErrorReport -  0.000 s
[2017.02.01-15.50.32:813][  0]LogStats:                    SendNewReport -  0.844 s
[2017.02.01-15.50.32:813][  0]LogStats:             FDebug::EnsureFailed -  0.865 s
[2017.02.01-15.51.13:040][254]BlueprintLog: New page: Compile LobbyGM
[2017.02.01-15.51.13:403][254]BlueprintEditorCompileResults: Info [1113.20] Compile of LobbyGM successful! [in 362 ms] (/Game/Blueprints/Lobby/LobbyGM.LobbyGM)
[2017.02.01-15.51.13:921][268]Cmd: OBJ SAVEPACKAGE PACKAGE="/Game/Blueprints/Lobby/LobbyGM" FILE="../../../../../../Users/aronr/Desktop/MPProject/Content/Blueprints/Lobby/LobbyGM.uasset" SILENT=true
[2017.02.01-15.51.14:118][268]LogSavePackage: Save=162.85ms
[2017.02.01-15.51.14:118][268]LogSavePackage: Moving '../../../../../../Users/aronr/Desktop/MPProject/Saved/LobbyGM875557D94FB9E891D933A9873E4D9B11.tmp' to '../../../../../../Users/aronr/Desktop/MPProject/Content/Blueprints/Lobby/LobbyGM.uasset'
[2017.02.01-15.51.14:124][268]LogSavePackage:Display: Finished SavePackage ../../../../../../Users/aronr/Desktop/MPProject/Content/Blueprints/Lobby/LobbyGM.uasset
[2017.02.01-15.52.33:410][452]BlueprintLog: New page: Compile LobbyGM
[2017.02.01-15.52.33:668][452]BlueprintEditorCompileResults: Info [1193.47] Compile of LobbyGM successful! [in 258 ms] (/Game/Blueprints/Lobby/LobbyGM.LobbyGM)
[2017.02.01-15.52.33:848][456]Cmd: OBJ SAVEPACKAGE PACKAGE="/Game/Blueprints/Lobby/LobbyGM" FILE="../../../../../../Users/aronr/Desktop/MPProject/Content/Blueprints/Lobby/LobbyGM.uasset" SILENT=true
[2017.02.01-15.52.33:991][456]LogSavePackage: Save=128.73ms
[2017.02.01-15.52.33:991][456]LogSavePackage: Moving '../../../../../../Users/aronr/Desktop/MPProject/Saved/LobbyGMAE88A8A242F7071E48C174ABF4BCE2D0.tmp' to '../../../../../../Users/aronr/Desktop/MPProject/Content/Blueprints/Lobby/LobbyGM.uasset'
[2017.02.01-15.52.33:995][456]LogSavePackage:Display: Finished SavePackage ../../../../../../Users/aronr/Desktop/MPProject/Content/Blueprints/Lobby/LobbyGM.uasset
[2017.02.01-15.54.15:574][107]BlueprintLog: New page: Compile LobbyGM
[2017.02.01-15.54.15:831][107]BlueprintEditorCompileResults: Info [1295.63] Compile of LobbyGM successful! [in 255 ms] (/Game/Blueprints/Lobby/LobbyGM.LobbyGM)
[2017.02.01-15.54.16:048][112]Cmd: OBJ SAVEPACKAGE PACKAGE="/Game/Blueprints/Lobby/LobbyGM" FILE="../../../../../../Users/aronr/Desktop/MPProject/Content/Blueprints/Lobby/LobbyGM.uasset" SILENT=true
[2017.02.01-15.54.16:302][112]LogSavePackage: Save=216.88ms
[2017.02.01-15.54.16:302][112]LogSavePackage: Moving '../../../../../../Users/aronr/Desktop/MPProject/Saved/LobbyGM977DEBF0453F82C984E695A753501A13.tmp' to '../../../../../../Users/aronr/Desktop/MPProject/Content/Blueprints/Lobby/LobbyGM.uasset'
[2017.02.01-15.54.16:308][112]LogSavePackage:Display: Finished SavePackage ../../../../../../Users/aronr/Desktop/MPProject/Content/Blueprints/Lobby/LobbyGM.uasset
[2017.02.01-15.54.32:435][478]BlueprintLog: New page: Compile LobbyGM
[2017.02.01-15.54.32:708][478]BlueprintEditorCompileResults: Info [1312.51] Compile of LobbyGM successful! [in 272 ms] (/Game/Blueprints/Lobby/LobbyGM.LobbyGM)
[2017.02.01-15.54.33:184][491]Cmd: OBJ SAVEPACKAGE PACKAGE="/Game/Blueprints/Lobby/LobbyGM" FILE="../../../../../../Users/aronr/Desktop/MPProject/Content/Blueprints/Lobby/LobbyGM.uasset" SILENT=true
[2017.02.01-15.54.33:326][491]LogSavePackage: Save=127.16ms
[2017.02.01-15.54.33:326][491]LogSavePackage: Moving '../../../../../../Users/aronr/Desktop/MPProject/Saved/LobbyGM45852E274CB992E86DD8F585AECF2038.tmp' to '../../../../../../Users/aronr/Desktop/MPProject/Content/Blueprints/Lobby/LobbyGM.uasset'
[2017.02.01-15.54.33:334][491]LogSavePackage:Display: Finished SavePackage ../../../../../../Users/aronr/Desktop/MPProject/Content/Blueprints/Lobby/LobbyGM.uasset
[2017.02.01-15.55.05:977][695]BlueprintLog: New page: Compile LobbyGM
[2017.02.01-15.55.06:353][695]BlueprintEditorCompileResults: Info [1346.15] Compile of LobbyGM successful! [in 376 ms] (/Game/Blueprints/Lobby/LobbyGM.LobbyGM)
[2017.02.01-15.55.06:411][695]Cmd: OBJ SAVEPACKAGE PACKAGE="/Game/Blueprints/L